\BOOKMARK [1][-]{section.1}{Introduction}{}% 1
\BOOKMARK [1][-]{section.2}{Related Work}{}% 2
\BOOKMARK [1][-]{section.3}{LSR Algorithm}{}% 3
\BOOKMARK [2][-]{subsection.3.1}{General Model}{section.3}% 4
\BOOKMARK [1][-]{section.4}{Applications}{}% 5
\BOOKMARK [2][-]{subsection.4.1}{Friend Recommendations}{section.4}% 6
\BOOKMARK [2][-]{subsection.4.2}{Advertising Content}{section.4}% 7
\BOOKMARK [2][-]{subsection.4.3}{Detecting Filter Bubbles}{section.4}% 8
\BOOKMARK [2][-]{subsection.4.4}{Detecting False Information}{section.4}% 9
\BOOKMARK [1][-]{section.5}{Results}{}% 10
\BOOKMARK [2][-]{subsection.5.1}{Dataset}{section.5}% 11
\BOOKMARK [3][-]{subsubsection.5.1.1}{Reddit Datasets}{subsection.5.1}% 12
\BOOKMARK [2][-]{subsection.5.2}{Visualization}{section.5}% 13
\BOOKMARK [2][-]{subsection.5.3}{Graphs}{section.5}% 14
\BOOKMARK [3][-]{subsubsection.5.3.1}{EIES}{subsection.5.3}% 15
\BOOKMARK [3][-]{subsubsection.5.3.2}{Reddit Unstructured}{subsection.5.3}% 16
\BOOKMARK [3][-]{subsubsection.5.3.3}{Reddit Structured}{subsection.5.3}% 17
\BOOKMARK [2][-]{subsection.5.4}{Results}{section.5}% 18
\BOOKMARK [2][-]{subsection.5.5}{Analysis}{section.5}% 19
\BOOKMARK [1][-]{section.6}{Conclusion}{}% 20
\BOOKMARK [1][-]{section.7}{Acknowledgements and Credits}{}% 21
