[INFO] 2016-12-18T19:16:23.098594+00:00= visualization started at 2016-12-18T19:16:23.098594+00:00
[INFO] 2016-12-18T19:16:23.101094+00:00= Loading matrix file...
[INFO] 2016-12-19T18:46:59.594336+00:00= visualization started at 2016-12-19T18:46:59.594336+00:00
[INFO] 2016-12-19T18:47:20.639228+00:00= visualization started at 2016-12-19T18:47:20.639228+00:00
[INFO] 2016-12-19T18:47:20.641230+00:00= Loading matrix file...
[INFO] 2016-12-19T18:47:20.692562+00:00= Matrix loaded. Contains 73441 entries.
[INFO] 2016-12-19T18:47:20.693061+00:00= Loading sparse edges...
[INFO] 2016-12-19T18:47:37.102505+00:00= visualization started at 2016-12-19T18:47:37.102005+00:00
[INFO] 2016-12-19T18:47:37.104006+00:00= Loading matrix file...
[INFO] 2016-12-19T18:47:37.144534+00:00= Matrix loaded. Contains 73441 entries.
[INFO] 2016-12-19T18:47:37.145034+00:00= Loading sparse edges...
[INFO] 2016-12-19T18:47:37.146034+00:00= Sparse edges loaded. Contains 111 edges
[INFO] 2016-12-19T18:47:37.146034+00:00= Loading label file...
[INFO] 2016-12-19T18:47:37.156194+00:00= Labels loaded.
[INFO] 2016-12-19T18:47:37.156194+00:00= Process matrix file...
[INFO] 2016-12-19T18:48:09.013157+00:00= Matrix Processed. 271 nodes and 647 edges loaded.
[INFO] 2016-12-19T18:48:09.014657+00:00= Visualize with plotly...
[INFO] 2016-12-19T18:48:52.942178+00:00= visualization started at 2016-12-19T18:48:52.942178+00:00
[INFO] 2016-12-19T18:48:52.943178+00:00= Loading matrix file...
[INFO] 2016-12-19T18:48:52.985207+00:00= Matrix loaded. Contains 73441 entries.
[INFO] 2016-12-19T18:48:52.985707+00:00= Loading sparse edges...
[INFO] 2016-12-19T18:49:25.019328+00:00= visualization started at 2016-12-19T18:49:25.019328+00:00
[INFO] 2016-12-19T18:49:25.020829+00:00= Loading matrix file...
[INFO] 2016-12-19T18:49:25.059855+00:00= Matrix loaded. Contains 73441 entries.
[INFO] 2016-12-19T18:49:25.060369+00:00= Loading sparse edges...
[INFO] 2016-12-19T18:49:25.060873+00:00= Sparse edges loaded. Contains 111 edges
[INFO] 2016-12-19T18:49:25.060873+00:00= Loading label file...
[INFO] 2016-12-19T18:49:25.061373+00:00= Labels loaded.
[INFO] 2016-12-19T18:49:25.061872+00:00= Process matrix file...
[INFO] 2016-12-19T18:49:56.838720+00:00= Matrix Processed. 271 nodes and 647 edges loaded.
[INFO] 2016-12-19T18:49:56.840720+00:00= Visualize with plotly...
[INFO] 2016-12-19T18:50:37.501112+00:00= Visualization ready.
[INFO] 2016-12-19T18:50:37.509118+00:00= visualization ended at 2016-12-19T18:50:37.509118+00:00 (72s)
[INFO] 2016-12-19T19:05:37.116712+00:00= visualization started at 2016-12-19T19:05:37.116712+00:00
[INFO] 2016-12-19T19:05:37.118214+00:00= Loading matrix file...
[INFO] 2016-12-19T19:05:37.120214+00:00= Matrix loaded. Contains 1024 entries.
[INFO] 2016-12-19T19:05:37.120214+00:00= Loading sparse edges...
[INFO] 2016-12-19T19:05:37.120715+00:00= Sparse edges loaded. Contains 116 edges
[INFO] 2016-12-19T19:05:37.120715+00:00= Loading label file...
[INFO] 2016-12-19T19:05:37.121215+00:00= Labels loaded.
[INFO] 2016-12-19T19:05:37.121716+00:00= Process matrix file...
[INFO] 2016-12-19T19:05:37.205880+00:00= Matrix Processed. 32 nodes and 310 edges loaded.
[INFO] 2016-12-19T19:05:37.206381+00:00= Visualize with networkx...
[INFO] 2016-12-19T19:05:37.206381+00:00= Visualization ready.
[INFO] 2016-12-19T19:05:37.206881+00:00= visualization ended at 2016-12-19T19:05:37.206881+00:00 (0s)
[INFO] 2016-12-19T19:07:27.366409+00:00= visualization started at 2016-12-19T19:07:27.366409+00:00
[INFO] 2016-12-19T19:07:27.367908+00:00= Loading matrix file...
[INFO] 2016-12-19T19:07:27.369911+00:00= Matrix loaded. Contains 1024 entries.
[INFO] 2016-12-19T19:07:27.370410+00:00= Loading sparse edges...
[INFO] 2016-12-19T19:07:27.370911+00:00= Sparse edges loaded. Contains 116 edges
[INFO] 2016-12-19T19:07:27.370911+00:00= Loading label file...
[INFO] 2016-12-19T19:07:27.371411+00:00= Labels loaded.
[INFO] 2016-12-19T19:07:27.371411+00:00= Process matrix file...
[INFO] 2016-12-19T19:07:27.458970+00:00= Matrix Processed. 32 nodes and 310 edges loaded.
[INFO] 2016-12-19T19:07:27.459471+00:00= Visualize with networkx...
[INFO] 2016-12-19T19:07:46.521026+00:00= visualization started at 2016-12-19T19:07:46.521026+00:00
[INFO] 2016-12-19T19:07:46.522527+00:00= Loading matrix file...
[INFO] 2016-12-19T19:07:46.524528+00:00= Matrix loaded. Contains 1024 entries.
[INFO] 2016-12-19T19:07:46.525028+00:00= Loading sparse edges...
[INFO] 2016-12-19T19:07:46.525528+00:00= Sparse edges loaded. Contains 116 edges
[INFO] 2016-12-19T19:07:46.525528+00:00= Loading label file...
[INFO] 2016-12-19T19:07:46.526029+00:00= Labels loaded.
[INFO] 2016-12-19T19:07:46.526029+00:00= Process matrix file...
[INFO] 2016-12-19T19:07:46.625096+00:00= Matrix Processed. 32 nodes and 310 edges loaded.
[INFO] 2016-12-19T19:07:46.625596+00:00= Visualize with networkx...
[INFO] 2016-12-19T19:08:11.662244+00:00= visualization started at 2016-12-19T19:08:11.662244+00:00
[INFO] 2016-12-19T19:08:11.663744+00:00= Loading matrix file...
[INFO] 2016-12-19T19:08:11.665245+00:00= Matrix loaded. Contains 1024 entries.
[INFO] 2016-12-19T19:08:11.665746+00:00= Loading sparse edges...
[INFO] 2016-12-19T19:08:11.666246+00:00= Sparse edges loaded. Contains 116 edges
[INFO] 2016-12-19T19:08:11.666746+00:00= Loading label file...
[INFO] 2016-12-19T19:08:11.667246+00:00= Labels loaded.
[INFO] 2016-12-19T19:08:11.667746+00:00= Process matrix file...
[INFO] 2016-12-19T19:08:11.721783+00:00= Matrix Processed. 32 nodes and 310 edges loaded.
[INFO] 2016-12-19T19:08:11.722283+00:00= Visualize with networkx...
[INFO] 2016-12-19T19:08:12.097758+00:00= Visualization ready.
[INFO] 2016-12-19T19:08:12.099305+00:00= visualization ended at 2016-12-19T19:08:12.099305+00:00 (1s)
[INFO] 2016-12-19T19:12:11.529543+00:00= visualization started at 2016-12-19T19:12:11.529042+00:00
[INFO] 2016-12-19T19:12:11.530543+00:00= Loading matrix file...
[INFO] 2016-12-19T19:12:11.532544+00:00= Matrix loaded. Contains 1024 entries.
[INFO] 2016-12-19T19:12:11.533044+00:00= Loading sparse edges...
[INFO] 2016-12-19T19:12:11.533545+00:00= Sparse edges loaded. Contains 116 edges
[INFO] 2016-12-19T19:12:11.533545+00:00= Loading label file...
[INFO] 2016-12-19T19:12:11.534048+00:00= Labels loaded.
[INFO] 2016-12-19T19:12:11.534048+00:00= Process matrix file...
[INFO] 2016-12-19T19:12:11.619999+00:00= Matrix Processed. 32 nodes and 310 edges loaded.
[INFO] 2016-12-19T19:12:11.619999+00:00= Visualize with networkx...
[INFO] 2016-12-19T19:12:11.757568+00:00= Visualization ready.
[INFO] 2016-12-19T19:12:11.758053+00:00= visualization ended at 2016-12-19T19:12:11.758053+00:00 (0s)
[INFO] 2016-12-19T19:12:42.319105+00:00= visualization started at 2016-12-19T19:12:42.319105+00:00
[INFO] 2016-12-19T19:12:42.321606+00:00= Loading matrix file...
[INFO] 2016-12-19T19:12:42.323608+00:00= Matrix loaded. Contains 1024 entries.
[INFO] 2016-12-19T19:12:42.324108+00:00= Loading sparse edges...
[INFO] 2016-12-19T19:12:42.324607+00:00= Sparse edges loaded. Contains 116 edges
[INFO] 2016-12-19T19:12:42.324607+00:00= Loading label file...
[INFO] 2016-12-19T19:12:42.325108+00:00= Labels loaded.
[INFO] 2016-12-19T19:12:42.325108+00:00= Process matrix file...
[INFO] 2016-12-19T19:12:42.423449+00:00= Matrix Processed. 32 nodes and 310 edges loaded.
[INFO] 2016-12-19T19:12:42.423950+00:00= Visualize with networkx...
[INFO] 2016-12-19T19:12:42.558541+00:00= Visualization ready.
[INFO] 2016-12-19T19:12:42.559041+00:00= visualization ended at 2016-12-19T19:12:42.559041+00:00 (0s)
[INFO] 2016-12-19T19:13:31.682128+00:00= visualization started at 2016-12-19T19:13:31.682128+00:00
[INFO] 2016-12-19T19:13:31.684129+00:00= Loading matrix file...
[INFO] 2016-12-19T19:13:31.686131+00:00= Matrix loaded. Contains 1024 entries.
[INFO] 2016-12-19T19:13:31.686631+00:00= Loading sparse edges...
[INFO] 2016-12-19T19:13:31.687131+00:00= Sparse edges loaded. Contains 116 edges
[INFO] 2016-12-19T19:13:31.687131+00:00= Loading label file...
[INFO] 2016-12-19T19:13:31.687632+00:00= Labels loaded.
[INFO] 2016-12-19T19:13:31.687632+00:00= Process matrix file...
[INFO] 2016-12-19T19:13:31.782470+00:00= Matrix Processed. 32 nodes and 310 edges loaded.
[INFO] 2016-12-19T19:13:31.782470+00:00= Visualize with networkx...
[INFO] 2016-12-19T19:13:31.931226+00:00= Visualization ready.
[INFO] 2016-12-19T19:13:31.931726+00:00= visualization ended at 2016-12-19T19:13:31.931726+00:00 (0s)
[INFO] 2016-12-19T19:15:25.149801+00:00= visualization started at 2016-12-19T19:15:25.149300+00:00
[INFO] 2016-12-19T19:15:25.151302+00:00= Loading matrix file...
[INFO] 2016-12-19T19:15:25.153304+00:00= Matrix loaded. Contains 1024 entries.
[INFO] 2016-12-19T19:15:25.153799+00:00= Loading sparse edges...
[INFO] 2016-12-19T19:15:25.154302+00:00= Sparse edges loaded. Contains 116 edges
[INFO] 2016-12-19T19:15:25.154302+00:00= Loading label file...
[INFO] 2016-12-19T19:15:25.154801+00:00= Labels loaded.
[INFO] 2016-12-19T19:15:25.154801+00:00= Process matrix file...
[INFO] 2016-12-19T19:15:25.245322+00:00= Matrix Processed. 32 nodes and 310 edges loaded.
[INFO] 2016-12-19T19:15:25.245726+00:00= Visualize with networkx...
[INFO] 2016-12-19T19:15:31.143385+00:00= Visualization ready.
[INFO] 2016-12-19T19:15:31.145387+00:00= visualization ended at 2016-12-19T19:15:31.145387+00:00 (6s)
[INFO] 2016-12-19T19:21:55.810226+00:00= visualization started at 2016-12-19T19:21:55.810226+00:00
[INFO] 2016-12-19T19:21:55.811726+00:00= Loading matrix file...
[INFO] 2016-12-19T19:21:55.813728+00:00= Matrix loaded. Contains 1024 entries.
[INFO] 2016-12-19T19:21:55.814165+00:00= Loading sparse edges...
[INFO] 2016-12-19T19:21:55.814165+00:00= Sparse edges loaded. Contains 116 edges
[INFO] 2016-12-19T19:21:55.814667+00:00= Loading label file...
[INFO] 2016-12-19T19:21:55.815168+00:00= Labels loaded.
[INFO] 2016-12-19T19:21:55.815168+00:00= Process matrix file...
[INFO] 2016-12-19T19:21:55.929486+00:00= Matrix Processed. 32 nodes and 310 edges loaded.
[INFO] 2016-12-19T19:21:55.929988+00:00= Visualize with networkx...
[INFO] 2016-12-19T19:23:07.820557+00:00= Visualization ready.
[INFO] 2016-12-19T19:23:07.822059+00:00= visualization ended at 2016-12-19T19:23:07.822059+00:00 (72s)
[INFO] 2016-12-19T19:27:36.560910+00:00= visualization started at 2016-12-19T19:27:36.560910+00:00
[INFO] 2016-12-19T19:27:36.562412+00:00= Loading matrix file...
[INFO] 2016-12-19T19:27:36.564413+00:00= Matrix loaded. Contains 1024 entries.
[INFO] 2016-12-19T19:27:36.564913+00:00= Loading sparse edges...
[INFO] 2016-12-19T19:27:36.565414+00:00= Sparse edges loaded. Contains 116 edges
[INFO] 2016-12-19T19:27:36.565414+00:00= Loading label file...
[INFO] 2016-12-19T19:27:36.565914+00:00= Labels loaded.
[INFO] 2016-12-19T19:27:36.565914+00:00= Process matrix file...
[INFO] 2016-12-19T19:27:36.657007+00:00= Matrix Processed. 32 nodes and 310 edges loaded.
[INFO] 2016-12-19T19:27:36.657508+00:00= Visualize with networkx...
[INFO] 2016-12-19T19:28:37.554903+00:00= visualization started at 2016-12-19T19:28:37.554903+00:00
[INFO] 2016-12-19T19:28:37.556336+00:00= Loading matrix file...
[INFO] 2016-12-19T19:28:37.558339+00:00= Matrix loaded. Contains 1024 entries.
[INFO] 2016-12-19T19:28:37.558840+00:00= Loading sparse edges...
[INFO] 2016-12-19T19:28:37.558840+00:00= Sparse edges loaded. Contains 116 edges
[INFO] 2016-12-19T19:28:37.559340+00:00= Loading label file...
[INFO] 2016-12-19T19:28:37.560028+00:00= Labels loaded.
[INFO] 2016-12-19T19:28:37.560028+00:00= Process matrix file...
[INFO] 2016-12-19T19:28:37.654656+00:00= Matrix Processed. 32 nodes and 310 edges loaded.
[INFO] 2016-12-19T19:28:37.655157+00:00= Visualize with networkx...
[INFO] 2016-12-19T19:29:37.134639+00:00= visualization started at 2016-12-19T19:29:37.134639+00:00
[INFO] 2016-12-19T19:29:37.136641+00:00= Loading matrix file...
[INFO] 2016-12-19T19:29:37.138643+00:00= Matrix loaded. Contains 1024 entries.
[INFO] 2016-12-19T19:29:37.139142+00:00= Loading sparse edges...
[INFO] 2016-12-19T19:29:37.139142+00:00= Sparse edges loaded. Contains 116 edges
[INFO] 2016-12-19T19:29:37.139644+00:00= Loading label file...
[INFO] 2016-12-19T19:29:37.140144+00:00= Labels loaded.
[INFO] 2016-12-19T19:29:37.140144+00:00= Process matrix file...
[INFO] 2016-12-19T19:29:37.247889+00:00= Matrix Processed. 32 nodes and 310 edges loaded.
[INFO] 2016-12-19T19:29:37.248389+00:00= Visualize with networkx...
[INFO] 2016-12-19T19:29:49.705348+00:00= visualization started at 2016-12-19T19:29:49.705348+00:00
[INFO] 2016-12-19T19:29:49.706850+00:00= Loading matrix file...
[INFO] 2016-12-19T19:29:49.708851+00:00= Matrix loaded. Contains 1024 entries.
[INFO] 2016-12-19T19:29:49.709350+00:00= Loading sparse edges...
[INFO] 2016-12-19T19:29:49.709852+00:00= Sparse edges loaded. Contains 116 edges
[INFO] 2016-12-19T19:29:49.709852+00:00= Loading label file...
[INFO] 2016-12-19T19:29:49.710351+00:00= Labels loaded.
[INFO] 2016-12-19T19:29:49.710851+00:00= Process matrix file...
[INFO] 2016-12-19T19:29:49.794908+00:00= Matrix Processed. 32 nodes and 310 edges loaded.
[INFO] 2016-12-19T19:29:49.795409+00:00= Visualize with networkx...
[INFO] 2016-12-19T19:29:50.045495+00:00= Visualization ready.
[INFO] 2016-12-19T19:29:50.045994+00:00= visualization ended at 2016-12-19T19:29:50.045994+00:00 (1s)
[INFO] 2016-12-19T19:32:20.967119+00:00= visualization started at 2016-12-19T19:32:20.967119+00:00
[INFO] 2016-12-19T19:32:20.968620+00:00= Loading matrix file...
[INFO] 2016-12-19T19:32:20.970678+00:00= Matrix loaded. Contains 1024 entries.
[INFO] 2016-12-19T19:32:20.971178+00:00= Loading sparse edges...
[INFO] 2016-12-19T19:32:20.971679+00:00= Sparse edges loaded. Contains 116 edges
[INFO] 2016-12-19T19:32:20.971679+00:00= Loading label file...
[INFO] 2016-12-19T19:32:20.972305+00:00= Labels loaded.
[INFO] 2016-12-19T19:32:20.972712+00:00= Process matrix file...
[INFO] 2016-12-19T19:32:21.058904+00:00= Matrix Processed. 32 nodes and 310 edges loaded.
[INFO] 2016-12-19T19:32:21.059404+00:00= Visualize with networkx...
[INFO] 2016-12-19T19:32:33.787496+00:00= visualization started at 2016-12-19T19:32:33.787496+00:00
[INFO] 2016-12-19T19:32:33.789144+00:00= Loading matrix file...
[INFO] 2016-12-19T19:32:33.791145+00:00= Matrix loaded. Contains 1024 entries.
[INFO] 2016-12-19T19:32:33.791646+00:00= Loading sparse edges...
[INFO] 2016-12-19T19:32:33.792148+00:00= Sparse edges loaded. Contains 116 edges
[INFO] 2016-12-19T19:32:33.792148+00:00= Loading label file...
[INFO] 2016-12-19T19:32:33.792647+00:00= Labels loaded.
[INFO] 2016-12-19T19:32:33.793148+00:00= Process matrix file...
[INFO] 2016-12-19T19:32:33.877093+00:00= Matrix Processed. 32 nodes and 310 edges loaded.
[INFO] 2016-12-19T19:32:33.877594+00:00= Visualize with networkx...
[INFO] 2016-12-19T19:32:34.077229+00:00= Visualization ready.
[INFO] 2016-12-19T19:32:34.077729+00:00= visualization ended at 2016-12-19T19:32:34.077729+00:00 (1s)
[INFO] 2016-12-19T19:34:28.282872+00:00= visualization started at 2016-12-19T19:34:28.282872+00:00
[INFO] 2016-12-19T19:34:28.284374+00:00= Loading matrix file...
[INFO] 2016-12-19T19:34:28.286376+00:00= Matrix loaded. Contains 1024 entries.
[INFO] 2016-12-19T19:34:28.287007+00:00= Loading sparse edges...
[INFO] 2016-12-19T19:34:28.287007+00:00= Sparse edges loaded. Contains 116 edges
[INFO] 2016-12-19T19:34:28.287661+00:00= Loading label file...
[INFO] 2016-12-19T19:34:28.288019+00:00= Labels loaded.
[INFO] 2016-12-19T19:34:28.288342+00:00= Process matrix file...
[INFO] 2016-12-19T19:34:28.377372+00:00= Matrix Processed. 32 nodes and 310 edges loaded.
[INFO] 2016-12-19T19:34:28.377872+00:00= Visualize with networkx...
[INFO] 2016-12-19T19:34:41.020877+00:00= Visualization ready.
[INFO] 2016-12-19T19:34:41.022878+00:00= visualization ended at 2016-12-19T19:34:41.022878+00:00 (13s)
[INFO] 2016-12-19T19:35:39.022268+00:00= visualization started at 2016-12-19T19:35:39.022268+00:00
[INFO] 2016-12-19T19:35:39.023767+00:00= Loading matrix file...
[INFO] 2016-12-19T19:35:39.025770+00:00= Matrix loaded. Contains 1024 entries.
[INFO] 2016-12-19T19:35:39.026271+00:00= Loading sparse edges...
[INFO] 2016-12-19T19:35:39.026271+00:00= Sparse edges loaded. Contains 116 edges
[INFO] 2016-12-19T19:35:39.026771+00:00= Loading label file...
[INFO] 2016-12-19T19:35:39.027270+00:00= Labels loaded.
[INFO] 2016-12-19T19:35:39.027270+00:00= Process matrix file...
[INFO] 2016-12-19T19:35:39.113004+00:00= Matrix Processed. 32 nodes and 310 edges loaded.
[INFO] 2016-12-19T19:35:39.113505+00:00= Visualize with networkx...
[INFO] 2016-12-19T19:35:42.423076+00:00= Visualization ready.
[INFO] 2016-12-19T19:35:42.425077+00:00= visualization ended at 2016-12-19T19:35:42.425077+00:00 (3s)
[INFO] 2016-12-19T19:36:27.335522+00:00= visualization started at 2016-12-19T19:36:27.335522+00:00
[INFO] 2016-12-19T19:36:27.337023+00:00= Loading matrix file...
[INFO] 2016-12-19T19:36:27.339024+00:00= Matrix loaded. Contains 1024 entries.
[INFO] 2016-12-19T19:36:27.339525+00:00= Loading sparse edges...
[INFO] 2016-12-19T19:36:27.340025+00:00= Sparse edges loaded. Contains 116 edges
[INFO] 2016-12-19T19:36:27.340317+00:00= Loading label file...
[INFO] 2016-12-19T19:36:27.340562+00:00= Labels loaded.
[INFO] 2016-12-19T19:36:27.341014+00:00= Process matrix file...
[INFO] 2016-12-19T19:36:27.422688+00:00= Matrix Processed. 32 nodes and 310 edges loaded.
[INFO] 2016-12-19T19:36:27.423188+00:00= Visualize with networkx...
[INFO] 2016-12-19T19:36:32.124582+00:00= Visualization ready.
[INFO] 2016-12-19T19:36:32.128085+00:00= visualization ended at 2016-12-19T19:36:32.128085+00:00 (5s)
[INFO] 2016-12-19T19:39:03.617717+00:00= visualization started at 2016-12-19T19:39:03.617717+00:00
[INFO] 2016-12-19T19:39:03.638608+00:00= Loading matrix file...
[INFO] 2016-12-19T19:39:03.640610+00:00= Matrix loaded. Contains 1024 entries.
[INFO] 2016-12-19T19:39:03.641110+00:00= Loading sparse edges...
[INFO] 2016-12-19T19:39:03.641610+00:00= Sparse edges loaded. Contains 116 edges
[INFO] 2016-12-19T19:39:03.642110+00:00= Loading label file...
[INFO] 2016-12-19T19:39:03.642110+00:00= Labels loaded.
[INFO] 2016-12-19T19:39:03.642611+00:00= Process matrix file...
[INFO] 2016-12-19T19:39:03.727069+00:00= Matrix Processed. 32 nodes and 310 edges loaded.
[INFO] 2016-12-19T19:39:03.727569+00:00= Visualize with networkx...
[INFO] 2016-12-19T19:39:14.650546+00:00= visualization started at 2016-12-19T19:39:14.650546+00:00
[INFO] 2016-12-19T19:39:14.652544+00:00= Loading matrix file...
[INFO] 2016-12-19T19:39:14.654044+00:00= Matrix loaded. Contains 1024 entries.
[INFO] 2016-12-19T19:39:14.654544+00:00= Loading sparse edges...
[INFO] 2016-12-19T19:39:14.655043+00:00= Sparse edges loaded. Contains 116 edges
[INFO] 2016-12-19T19:39:14.655043+00:00= Loading label file...
[INFO] 2016-12-19T19:39:14.655544+00:00= Labels loaded.
[INFO] 2016-12-19T19:39:14.655544+00:00= Process matrix file...
[INFO] 2016-12-19T19:39:14.742290+00:00= Matrix Processed. 32 nodes and 310 edges loaded.
[INFO] 2016-12-19T19:39:14.742290+00:00= Visualize with networkx...
[INFO] 2016-12-19T19:39:28.794419+00:00= visualization started at 2016-12-19T19:39:28.794419+00:00
[INFO] 2016-12-19T19:39:28.820278+00:00= Loading matrix file...
[INFO] 2016-12-19T19:39:28.822282+00:00= Matrix loaded. Contains 1024 entries.
[INFO] 2016-12-19T19:39:28.822782+00:00= Loading sparse edges...
[INFO] 2016-12-19T19:39:28.823284+00:00= Sparse edges loaded. Contains 116 edges
[INFO] 2016-12-19T19:39:28.823284+00:00= Loading label file...
[INFO] 2016-12-19T19:39:28.823825+00:00= Labels loaded.
[INFO] 2016-12-19T19:39:28.823825+00:00= Process matrix file...
[INFO] 2016-12-19T19:39:28.910475+00:00= Matrix Processed. 32 nodes and 310 edges loaded.
[INFO] 2016-12-19T19:39:28.910976+00:00= Visualize with networkx...
[INFO] 2016-12-19T19:40:12.133963+00:00= visualization started at 2016-12-19T19:40:12.133963+00:00
[INFO] 2016-12-19T19:40:12.135964+00:00= Loading matrix file...
[INFO] 2016-12-19T19:40:12.138465+00:00= Matrix loaded. Contains 1024 entries.
[INFO] 2016-12-19T19:40:12.138965+00:00= Loading sparse edges...
[INFO] 2016-12-19T19:40:12.139467+00:00= Sparse edges loaded. Contains 116 edges
[INFO] 2016-12-19T19:40:12.139467+00:00= Loading label file...
[INFO] 2016-12-19T19:40:12.139966+00:00= Labels loaded.
[INFO] 2016-12-19T19:40:12.139966+00:00= Process matrix file...
[INFO] 2016-12-19T19:40:12.234390+00:00= Matrix Processed. 32 nodes and 310 edges loaded.
[INFO] 2016-12-19T19:40:12.234890+00:00= Visualize with networkx...
[INFO] 2016-12-19T19:40:56.446180+00:00= visualization started at 2016-12-19T19:40:56.446180+00:00
[INFO] 2016-12-19T19:40:56.448181+00:00= Loading matrix file...
[INFO] 2016-12-19T19:40:56.450045+00:00= Matrix loaded. Contains 1024 entries.
[INFO] 2016-12-19T19:40:56.450546+00:00= Loading sparse edges...
[INFO] 2016-12-19T19:40:56.450914+00:00= Sparse edges loaded. Contains 116 edges
[INFO] 2016-12-19T19:40:56.450914+00:00= Loading label file...
[INFO] 2016-12-19T19:40:56.451634+00:00= Labels loaded.
[INFO] 2016-12-19T19:40:56.451634+00:00= Process matrix file...
[INFO] 2016-12-19T19:40:56.534030+00:00= Matrix Processed. 32 nodes and 310 edges loaded.
[INFO] 2016-12-19T19:40:56.534530+00:00= Visualize with networkx...
[INFO] 2016-12-19T19:41:30.633854+00:00= visualization started at 2016-12-19T19:41:30.633854+00:00
[INFO] 2016-12-19T19:41:30.635355+00:00= Loading matrix file...
[INFO] 2016-12-19T19:41:30.637356+00:00= Matrix loaded. Contains 1024 entries.
[INFO] 2016-12-19T19:41:30.637856+00:00= Loading sparse edges...
[INFO] 2016-12-19T19:41:30.638357+00:00= Sparse edges loaded. Contains 116 edges
[INFO] 2016-12-19T19:41:30.638357+00:00= Loading label file...
[INFO] 2016-12-19T19:41:30.638858+00:00= Labels loaded.
[INFO] 2016-12-19T19:41:30.638858+00:00= Process matrix file...
[INFO] 2016-12-19T19:41:30.694395+00:00= Matrix Processed. 32 nodes and 310 edges loaded.
[INFO] 2016-12-19T19:41:30.694895+00:00= Visualize with networkx...
[INFO] 2016-12-19T19:42:10.657415+00:00= visualization started at 2016-12-19T19:42:10.657415+00:00
[INFO] 2016-12-19T19:42:10.658917+00:00= Loading matrix file...
[INFO] 2016-12-19T19:42:10.661419+00:00= Matrix loaded. Contains 1024 entries.
[INFO] 2016-12-19T19:42:10.661918+00:00= Loading sparse edges...
[INFO] 2016-12-19T19:42:10.661918+00:00= Sparse edges loaded. Contains 116 edges
[INFO] 2016-12-19T19:42:10.662418+00:00= Loading label file...
[INFO] 2016-12-19T19:42:10.662919+00:00= Labels loaded.
[INFO] 2016-12-19T19:42:10.662919+00:00= Process matrix file...
[INFO] 2016-12-19T19:42:10.750112+00:00= Matrix Processed. 32 nodes and 310 edges loaded.
[INFO] 2016-12-19T19:42:10.750612+00:00= Visualize with networkx...
[INFO] 2016-12-19T19:42:22.837913+00:00= Visualization ready.
[INFO] 2016-12-19T19:42:22.840414+00:00= visualization ended at 2016-12-19T19:42:22.840414+00:00 (12s)
[INFO] 2016-12-19T19:42:58.610104+00:00= visualization started at 2016-12-19T19:42:58.610104+00:00
[INFO] 2016-12-19T19:42:58.612105+00:00= Loading matrix file...
[INFO] 2016-12-19T19:42:58.614107+00:00= Matrix loaded. Contains 1024 entries.
[INFO] 2016-12-19T19:42:58.614607+00:00= Loading sparse edges...
[INFO] 2016-12-19T19:42:58.615108+00:00= Sparse edges loaded. Contains 116 edges
[INFO] 2016-12-19T19:42:58.615608+00:00= Loading label file...
[INFO] 2016-12-19T19:42:58.615608+00:00= Labels loaded.
[INFO] 2016-12-19T19:42:58.616109+00:00= Process matrix file...
[INFO] 2016-12-19T19:42:58.707394+00:00= Matrix Processed. 32 nodes and 310 edges loaded.
[INFO] 2016-12-19T19:42:58.707895+00:00= Visualize with networkx...
[INFO] 2016-12-19T19:43:07.264429+00:00= Visualization ready.
[INFO] 2016-12-19T19:43:07.266983+00:00= visualization ended at 2016-12-19T19:43:07.266983+00:00 (9s)
[INFO] 2016-12-19T19:43:38.005573+00:00= visualization started at 2016-12-19T19:43:38.005573+00:00
[INFO] 2016-12-19T19:43:38.007574+00:00= Loading matrix file...
[INFO] 2016-12-19T19:43:38.010075+00:00= Matrix loaded. Contains 1024 entries.
[INFO] 2016-12-19T19:43:38.010075+00:00= Loading sparse edges...
[INFO] 2016-12-19T19:43:38.010576+00:00= Sparse edges loaded. Contains 116 edges
[INFO] 2016-12-19T19:43:38.011076+00:00= Loading label file...
[INFO] 2016-12-19T19:43:38.011576+00:00= Labels loaded.
[INFO] 2016-12-19T19:43:38.011576+00:00= Process matrix file...
[INFO] 2016-12-19T19:43:38.108652+00:00= Matrix Processed. 32 nodes and 310 edges loaded.
[INFO] 2016-12-19T19:43:38.109152+00:00= Visualize with networkx...
[INFO] 2016-12-19T19:45:11.044372+00:00= visualization started at 2016-12-19T19:45:11.043872+00:00
[INFO] 2016-12-19T19:45:11.046513+00:00= Loading matrix file...
[INFO] 2016-12-19T19:45:11.048518+00:00= Matrix loaded. Contains 1024 entries.
[INFO] 2016-12-19T19:45:11.049018+00:00= Loading sparse edges...
[INFO] 2016-12-19T19:45:11.049518+00:00= Sparse edges loaded. Contains 116 edges
[INFO] 2016-12-19T19:45:11.049937+00:00= Loading label file...
[INFO] 2016-12-19T19:45:11.050112+00:00= Labels loaded.
[INFO] 2016-12-19T19:45:11.050644+00:00= Process matrix file...
[INFO] 2016-12-19T19:45:11.133576+00:00= Matrix Processed. 32 nodes and 310 edges loaded.
[INFO] 2016-12-19T19:45:11.134075+00:00= Visualize with networkx...
[INFO] 2016-12-19T19:45:20.839220+00:00= visualization started at 2016-12-19T19:45:20.839220+00:00
[INFO] 2016-12-19T19:45:20.840721+00:00= Loading matrix file...
[INFO] 2016-12-19T19:45:20.842811+00:00= Matrix loaded. Contains 1024 entries.
[INFO] 2016-12-19T19:45:20.843311+00:00= Loading sparse edges...
[INFO] 2016-12-19T19:45:20.843813+00:00= Sparse edges loaded. Contains 116 edges
[INFO] 2016-12-19T19:45:20.843813+00:00= Loading label file...
[INFO] 2016-12-19T19:45:20.844312+00:00= Labels loaded.
[INFO] 2016-12-19T19:45:20.844312+00:00= Process matrix file...
[INFO] 2016-12-19T19:45:20.935096+00:00= Matrix Processed. 32 nodes and 310 edges loaded.
[INFO] 2016-12-19T19:45:20.935596+00:00= Visualize with networkx...
[INFO] 2016-12-19T19:45:58.058973+00:00= Visualization ready.
[INFO] 2016-12-19T19:45:58.062976+00:00= visualization ended at 2016-12-19T19:45:58.062976+00:00 (38s)
[INFO] 2016-12-19T19:55:09.773396+00:00= visualization started at 2016-12-19T19:55:09.773396+00:00
[INFO] 2016-12-19T19:55:09.775899+00:00= Loading matrix file...
[INFO] 2016-12-19T19:55:09.778400+00:00= Matrix loaded. Contains 1024 entries.
[INFO] 2016-12-19T19:55:09.779181+00:00= Loading sparse edges...
[INFO] 2016-12-19T19:55:09.779181+00:00= Sparse edges loaded. Contains 116 edges
[INFO] 2016-12-19T19:55:09.779684+00:00= Loading label file...
[INFO] 2016-12-19T19:55:09.780184+00:00= Labels loaded.
[INFO] 2016-12-19T19:55:09.780184+00:00= Process matrix file...
[INFO] 2016-12-19T19:55:09.875341+00:00= Matrix Processed. 32 nodes and 310 edges loaded.
[INFO] 2016-12-19T19:55:09.875843+00:00= Visualize with networkx...
[INFO] 2016-12-19T19:56:32.742883+00:00= visualization started at 2016-12-19T19:56:32.742883+00:00
[INFO] 2016-12-19T19:56:32.744883+00:00= Loading matrix file...
[INFO] 2016-12-19T19:56:32.746884+00:00= Matrix loaded. Contains 1024 entries.
[INFO] 2016-12-19T19:56:32.747385+00:00= Loading sparse edges...
[INFO] 2016-12-19T19:56:32.747385+00:00= Sparse edges loaded. Contains 116 edges
[INFO] 2016-12-19T19:56:32.748135+00:00= Loading label file...
[INFO] 2016-12-19T19:56:32.748639+00:00= Labels loaded.
[INFO] 2016-12-19T19:56:32.748639+00:00= Process matrix file...
[INFO] 2016-12-19T19:56:32.839063+00:00= Matrix Processed. 32 nodes and 310 edges loaded.
[INFO] 2016-12-19T19:56:32.839563+00:00= Visualize with networkx...
[INFO] 2016-12-19T19:56:55.327748+00:00= Visualization ready.
[INFO] 2016-12-19T19:56:55.330251+00:00= visualization ended at 2016-12-19T19:56:55.330251+00:00 (23s)
[INFO] 2016-12-19T20:18:32.660830+00:00= visualization started at 2016-12-19T20:18:32.660830+00:00
[INFO] 2016-12-19T20:18:32.663400+00:00= Loading matrix file...
[INFO] 2016-12-19T20:18:32.665368+00:00= Matrix loaded. Contains 1024 entries.
[INFO] 2016-12-19T20:18:32.665868+00:00= Loading sparse edges...
[INFO] 2016-12-19T20:18:32.666293+00:00= Sparse edges loaded. Contains 116 edges
[INFO] 2016-12-19T20:18:32.666619+00:00= Loading label file...
[INFO] 2016-12-19T20:18:32.666904+00:00= Labels loaded.
[INFO] 2016-12-19T20:18:32.667470+00:00= Process matrix file...
[INFO] 2016-12-19T20:18:32.755749+00:00= Matrix Processed. 32 nodes and 310 edges loaded.
[INFO] 2016-12-19T20:18:32.756250+00:00= Visualize with networkx...
[INFO] 2016-12-19T20:18:48.118624+00:00= visualization started at 2016-12-19T20:18:48.118624+00:00
[INFO] 2016-12-19T20:18:48.120498+00:00= Loading matrix file...
[INFO] 2016-12-19T20:18:48.138627+00:00= Matrix loaded. Contains 1024 entries.
[INFO] 2016-12-19T20:18:48.139127+00:00= Loading sparse edges...
[INFO] 2016-12-19T20:18:48.139628+00:00= Sparse edges loaded. Contains 116 edges
[INFO] 2016-12-19T20:18:48.140091+00:00= Loading label file...
[INFO] 2016-12-19T20:18:48.140272+00:00= Labels loaded.
[INFO] 2016-12-19T20:18:48.140750+00:00= Process matrix file...
[INFO] 2016-12-19T20:18:48.223981+00:00= Matrix Processed. 32 nodes and 310 edges loaded.
[INFO] 2016-12-19T20:18:48.224481+00:00= Visualize with networkx...
[INFO] 2016-12-19T20:18:48.655862+00:00= Visualization ready.
[INFO] 2016-12-19T20:18:48.656363+00:00= visualization ended at 2016-12-19T20:18:48.656363+00:00 (0s)
[INFO] 2016-12-19T20:21:59.088985+00:00= visualization started at 2016-12-19T20:21:59.088985+00:00
[INFO] 2016-12-19T20:21:59.091486+00:00= Loading matrix file...
[INFO] 2016-12-19T20:21:59.093488+00:00= Matrix loaded. Contains 1024 entries.
[INFO] 2016-12-19T20:21:59.093988+00:00= Loading sparse edges...
[INFO] 2016-12-19T20:21:59.094489+00:00= Sparse edges loaded. Contains 116 edges
[INFO] 2016-12-19T20:21:59.094489+00:00= Loading label file...
[INFO] 2016-12-19T20:21:59.094989+00:00= Labels loaded.
[INFO] 2016-12-19T20:21:59.095489+00:00= Process matrix file...
[INFO] 2016-12-19T20:21:59.183813+00:00= Matrix Processed. 32 nodes and 310 edges loaded.
[INFO] 2016-12-19T20:21:59.184314+00:00= Visualize with networkx...
[INFO] 2016-12-19T20:21:59.589575+00:00= Visualization ready.
[INFO] 2016-12-19T20:21:59.590075+00:00= visualization ended at 2016-12-19T20:21:59.589575+00:00 (0s)
[INFO] 2016-12-19T20:23:56.588098+00:00= visualization started at 2016-12-19T20:23:56.588098+00:00
[INFO] 2016-12-19T20:23:56.590099+00:00= Loading matrix file...
[INFO] 2016-12-19T20:23:56.592101+00:00= Matrix loaded. Contains 1024 entries.
[INFO] 2016-12-19T20:23:56.592601+00:00= Loading sparse edges...
[INFO] 2016-12-19T20:23:56.593103+00:00= Sparse edges loaded. Contains 116 edges
[INFO] 2016-12-19T20:23:56.593103+00:00= Loading label file...
[INFO] 2016-12-19T20:23:56.593603+00:00= Labels loaded.
[INFO] 2016-12-19T20:23:56.594103+00:00= Process matrix file...
[INFO] 2016-12-19T20:23:56.678160+00:00= Matrix Processed. 32 nodes and 310 edges loaded.
[INFO] 2016-12-19T20:23:56.678660+00:00= Visualize with networkx...
[INFO] 2016-12-19T20:23:57.285569+00:00= Visualization ready.
[INFO] 2016-12-19T20:23:57.286070+00:00= visualization ended at 2016-12-19T20:23:57.286070+00:00 (1s)
[INFO] 2016-12-19T20:24:59.745143+00:00= visualization started at 2016-12-19T20:24:59.744641+00:00
[INFO] 2016-12-19T20:24:59.759863+00:00= Loading matrix file...
[INFO] 2016-12-19T20:24:59.803394+00:00= Matrix loaded. Contains 73441 entries.
[INFO] 2016-12-19T20:24:59.803894+00:00= Loading sparse edges...
[INFO] 2016-12-19T20:24:59.804895+00:00= Sparse edges loaded. Contains 111 edges
[INFO] 2016-12-19T20:24:59.804895+00:00= Loading label file...
[INFO] 2016-12-19T20:24:59.805395+00:00= Labels loaded.
[INFO] 2016-12-19T20:24:59.805896+00:00= Process matrix file...
[INFO] 2016-12-19T20:25:31.448118+00:00= Matrix Processed. 271 nodes and 647 edges loaded.
[INFO] 2016-12-19T20:25:31.450621+00:00= Visualize with networkx...
[INFO] 2016-12-19T20:31:01.220028+00:00= visualization started at 2016-12-19T20:31:01.220028+00:00
[INFO] 2016-12-19T20:31:01.222070+00:00= Loading matrix file...
[INFO] 2016-12-19T20:31:01.262599+00:00= Matrix loaded. Contains 73441 entries.
[INFO] 2016-12-19T20:31:01.263114+00:00= Loading sparse edges...
[INFO] 2016-12-19T20:31:01.263617+00:00= Sparse edges loaded. Contains 111 edges
[INFO] 2016-12-19T20:31:01.264105+00:00= Loading label file...
[INFO] 2016-12-19T20:31:01.264306+00:00= Labels loaded.
[INFO] 2016-12-19T20:31:01.264904+00:00= Process matrix file...
[INFO] 2016-12-19T20:31:32.182868+00:00= Matrix Processed. 271 nodes and 647 edges loaded.
[INFO] 2016-12-19T20:31:32.209929+00:00= Visualize with networkx...
[INFO] 2016-12-19T20:31:33.437201+00:00= Visualization ready.
[INFO] 2016-12-19T20:31:33.438701+00:00= visualization ended at 2016-12-19T20:31:33.438701+00:00 (32s)
[INFO] 2016-12-21T02:48:27.895275+00:00= visualization started at 2016-12-21T02:48:27.895275+00:00
[INFO] 2016-12-21T02:49:12.097903+00:00= visualization started at 2016-12-21T02:49:12.097903+00:00
[INFO] 2016-12-21T02:49:26.083663+00:00= visualization started at 2016-12-21T02:49:26.083663+00:00
[INFO] 2016-12-21T02:49:26.086167+00:00= visualization ended at 2016-12-21T02:49:26.086167+00:00 (0s)
[INFO] 2016-12-21T02:49:56.235530+00:00= visualization started at 2016-12-21T02:49:56.235029+00:00
[INFO] 2016-12-21T02:49:56.275042+00:00= visualization ended at 2016-12-21T02:49:56.274557+00:00 (0s)
[INFO] 2016-12-21T02:50:11.178562+00:00= visualization started at 2016-12-21T02:50:11.178562+00:00
[INFO] 2016-12-21T02:50:11.182565+00:00= visualization ended at 2016-12-21T02:50:11.182565+00:00 (0s)
[INFO] 2016-12-21T02:50:48.987954+00:00= visualization started at 2016-12-21T02:50:48.987954+00:00
[INFO] 2016-12-21T02:51:05.667539+00:00= visualization started at 2016-12-21T02:51:05.667539+00:00
[INFO] 2016-12-21T02:51:05.671024+00:00= Loading matrix file...
[INFO] 2016-12-21T02:51:05.709551+00:00= Matrix loaded. Contains 1024 entries.
[INFO] 2016-12-21T02:51:05.710052+00:00= Loading sparse edges...
[INFO] 2016-12-21T02:51:05.711566+00:00= Sparse edges loaded. Contains 158 edges
[INFO] 2016-12-21T02:51:05.712053+00:00= Loading label file...
[INFO] 2016-12-21T02:51:05.713055+00:00= Labels loaded.
[INFO] 2016-12-21T02:51:05.713561+00:00= Process matrix file...
[INFO] 2016-12-21T02:51:05.714555+00:00= Matrix Processed. 32 nodes and 376 edges loaded.
[INFO] 2016-12-21T02:51:05.715055+00:00= Visualize with networkx...
[INFO] 2016-12-21T02:51:06.465274+00:00= Visualization ready.
[INFO] 2016-12-21T02:51:06.467762+00:00= Loading matrix file...
[INFO] 2016-12-21T02:51:06.475280+00:00= Matrix loaded. Contains 10000 entries.
[INFO] 2016-12-21T02:51:06.475781+00:00= Loading sparse edges...
[INFO] 2016-12-21T02:51:06.476269+00:00= Sparse edges loaded. Contains 164 edges
[INFO] 2016-12-21T02:51:06.477270+00:00= Loading label file...
[INFO] 2016-12-21T02:51:06.477782+00:00= Labels loaded.
[INFO] 2016-12-21T02:51:06.478282+00:00= Process matrix file...
[INFO] 2016-12-21T02:51:06.483787+00:00= Matrix Processed. 100 nodes and 1593 edges loaded.
[INFO] 2016-12-21T02:51:06.483787+00:00= Visualize with networkx...
[INFO] 2016-12-21T02:51:07.146275+00:00= Visualization ready.
[INFO] 2016-12-21T02:51:07.148777+00:00= Loading matrix file...
[INFO] 2016-12-21T02:51:07.154792+00:00= Matrix loaded. Contains 10000 entries.
[INFO] 2016-12-21T02:51:07.155280+00:00= Loading sparse edges...
[INFO] 2016-12-21T02:51:07.155793+00:00= Sparse edges loaded. Contains 163 edges
[INFO] 2016-12-21T02:51:07.156294+00:00= Loading label file...
[INFO] 2016-12-21T02:51:07.156791+00:00= Labels loaded.
[INFO] 2016-12-21T02:51:07.156791+00:00= Process matrix file...
[INFO] 2016-12-21T02:51:07.163295+00:00= Matrix Processed. 100 nodes and 539 edges loaded.
[INFO] 2016-12-21T02:51:07.163786+00:00= Visualize with networkx...
[INFO] 2016-12-21T02:51:07.818751+00:00= Visualization ready.
[INFO] 2016-12-21T02:51:07.820752+00:00= Loading matrix file...
[INFO] 2016-12-21T02:51:07.826756+00:00= Matrix loaded. Contains 10000 entries.
[INFO] 2016-12-21T02:51:07.827256+00:00= Loading sparse edges...
[INFO] 2016-12-21T02:51:07.827757+00:00= Sparse edges loaded. Contains 163 edges
[INFO] 2016-12-21T02:51:07.828256+00:00= Loading label file...
[INFO] 2016-12-21T02:51:07.828256+00:00= Labels loaded.
[INFO] 2016-12-21T02:51:07.828757+00:00= Process matrix file...
[INFO] 2016-12-21T02:51:07.837265+00:00= Matrix Processed. 100 nodes and 1023 edges loaded.
[INFO] 2016-12-21T02:51:07.839267+00:00= Visualize with networkx...
[INFO] 2016-12-21T02:51:08.521777+00:00= Visualization ready.
[INFO] 2016-12-21T02:51:08.523279+00:00= Loading matrix file...
[INFO] 2016-12-21T02:51:08.528783+00:00= Matrix loaded. Contains 10000 entries.
[INFO] 2016-12-21T02:51:08.529283+00:00= Loading sparse edges...
[INFO] 2016-12-21T02:51:08.529789+00:00= Sparse edges loaded. Contains 163 edges
[INFO] 2016-12-21T02:51:08.530284+00:00= Loading label file...
[INFO] 2016-12-21T02:51:08.530784+00:00= Labels loaded.
[INFO] 2016-12-21T02:51:08.531284+00:00= Process matrix file...
[INFO] 2016-12-21T02:51:08.538492+00:00= Matrix Processed. 100 nodes and 1318 edges loaded.
[INFO] 2016-12-21T02:51:08.539490+00:00= Visualize with networkx...
[INFO] 2016-12-21T02:51:09.142482+00:00= Visualization ready.
[INFO] 2016-12-21T02:51:09.144484+00:00= Loading matrix file...
[INFO] 2016-12-21T02:51:09.149988+00:00= Matrix loaded. Contains 10000 entries.
[INFO] 2016-12-21T02:51:09.150487+00:00= Loading sparse edges...
[INFO] 2016-12-21T02:51:09.150988+00:00= Sparse edges loaded. Contains 163 edges
[INFO] 2016-12-21T02:51:09.151492+00:00= Loading label file...
[INFO] 2016-12-21T02:51:09.151989+00:00= Labels loaded.
[INFO] 2016-12-21T02:51:09.151989+00:00= Process matrix file...
[INFO] 2016-12-21T02:51:09.158493+00:00= Matrix Processed. 100 nodes and 1528 edges loaded.
[INFO] 2016-12-21T02:51:09.158995+00:00= Visualize with networkx...
[INFO] 2016-12-21T02:51:09.855026+00:00= Visualization ready.
[INFO] 2016-12-21T02:51:09.856516+00:00= Loading matrix file...
[INFO] 2016-12-21T02:51:09.862536+00:00= Matrix loaded. Contains 10000 entries.
[INFO] 2016-12-21T02:51:09.862536+00:00= Loading sparse edges...
[INFO] 2016-12-21T02:51:09.863036+00:00= Sparse edges loaded. Contains 164 edges
[INFO] 2016-12-21T02:51:09.863529+00:00= Loading label file...
[INFO] 2016-12-21T02:51:09.864029+00:00= Labels loaded.
[INFO] 2016-12-21T02:51:09.864029+00:00= Process matrix file...
[INFO] 2016-12-21T02:51:09.871537+00:00= Matrix Processed. 100 nodes and 1596 edges loaded.
[INFO] 2016-12-21T02:51:09.872024+00:00= Visualize with networkx...
[INFO] 2016-12-21T02:51:10.512510+00:00= Visualization ready.
[INFO] 2016-12-21T02:51:10.514513+00:00= Loading matrix file...
[INFO] 2016-12-21T02:51:10.520015+00:00= Matrix loaded. Contains 10000 entries.
[INFO] 2016-12-21T02:51:10.520516+00:00= Loading sparse edges...
[INFO] 2016-12-21T02:51:10.521034+00:00= Sparse edges loaded. Contains 163 edges
[INFO] 2016-12-21T02:51:10.521534+00:00= Loading label file...
[INFO] 2016-12-21T02:51:10.522534+00:00= Labels loaded.
[INFO] 2016-12-21T02:51:10.523519+00:00= Process matrix file...
[INFO] 2016-12-21T02:51:10.528534+00:00= Matrix Processed. 100 nodes and 549 edges loaded.
[INFO] 2016-12-21T02:51:10.528534+00:00= Visualize with networkx...
[INFO] 2016-12-21T02:51:11.151515+00:00= Visualization ready.
[INFO] 2016-12-21T02:51:11.153004+00:00= Loading matrix file...
[INFO] 2016-12-21T02:51:11.158521+00:00= Matrix loaded. Contains 10000 entries.
[INFO] 2016-12-21T02:51:11.159021+00:00= Loading sparse edges...
[INFO] 2016-12-21T02:51:11.159521+00:00= Sparse edges loaded. Contains 163 edges
[INFO] 2016-12-21T02:51:11.159521+00:00= Loading label file...
[INFO] 2016-12-21T02:51:11.160021+00:00= Labels loaded.
[INFO] 2016-12-21T02:51:11.160509+00:00= Process matrix file...
[INFO] 2016-12-21T02:51:11.166025+00:00= Matrix Processed. 100 nodes and 1030 edges loaded.
[INFO] 2016-12-21T02:51:11.167024+00:00= Visualize with networkx...
[INFO] 2016-12-21T02:51:11.892527+00:00= Visualization ready.
[INFO] 2016-12-21T02:51:11.894028+00:00= Loading matrix file...
[INFO] 2016-12-21T02:51:11.899532+00:00= Matrix loaded. Contains 10000 entries.
[INFO] 2016-12-21T02:51:11.900032+00:00= Loading sparse edges...
[INFO] 2016-12-21T02:51:11.901033+00:00= Sparse edges loaded. Contains 163 edges
[INFO] 2016-12-21T02:51:11.901033+00:00= Loading label file...
[INFO] 2016-12-21T02:51:11.901533+00:00= Labels loaded.
[INFO] 2016-12-21T02:51:11.902033+00:00= Process matrix file...
[INFO] 2016-12-21T02:51:11.907537+00:00= Matrix Processed. 100 nodes and 1329 edges loaded.
[INFO] 2016-12-21T02:51:11.908038+00:00= Visualize with networkx...
[INFO] 2016-12-21T02:51:12.539986+00:00= Visualization ready.
[INFO] 2016-12-21T02:51:12.541988+00:00= Loading matrix file...
[INFO] 2016-12-21T02:51:12.547991+00:00= Matrix loaded. Contains 10000 entries.
[INFO] 2016-12-21T02:51:12.547991+00:00= Loading sparse edges...
[INFO] 2016-12-21T02:51:12.548992+00:00= Sparse edges loaded. Contains 163 edges
[INFO] 2016-12-21T02:51:12.549493+00:00= Loading label file...
[INFO] 2016-12-21T02:51:12.550493+00:00= Labels loaded.
[INFO] 2016-12-21T02:51:12.551494+00:00= Process matrix file...
[INFO] 2016-12-21T02:51:12.557498+00:00= Matrix Processed. 100 nodes and 1534 edges loaded.
[INFO] 2016-12-21T02:51:12.557998+00:00= Visualize with networkx...
[INFO] 2016-12-21T02:51:13.368074+00:00= Visualization ready.
[INFO] 2016-12-21T02:51:13.370575+00:00= Loading matrix file...
[INFO] 2016-12-21T02:51:13.376078+00:00= Matrix loaded. Contains 10000 entries.
[INFO] 2016-12-21T02:51:13.376579+00:00= Loading sparse edges...
[INFO] 2016-12-21T02:51:13.377580+00:00= Sparse edges loaded. Contains 164 edges
[INFO] 2016-12-21T02:51:13.377580+00:00= Loading label file...
[INFO] 2016-12-21T02:51:13.378081+00:00= Labels loaded.
[INFO] 2016-12-21T02:51:13.380088+00:00= Process matrix file...
[INFO] 2016-12-21T02:51:13.388588+00:00= Matrix Processed. 100 nodes and 1612 edges loaded.
[INFO] 2016-12-21T02:51:13.389591+00:00= Visualize with networkx...
[INFO] 2016-12-21T02:51:39.600536+00:00= visualization started at 2016-12-21T02:51:39.600536+00:00
[INFO] 2016-12-21T02:51:39.603539+00:00= Loading matrix file...
[INFO] 2016-12-21T02:51:39.610543+00:00= Matrix loaded. Contains 10000 entries.
[INFO] 2016-12-21T02:51:39.611044+00:00= Loading sparse edges...
[INFO] 2016-12-21T02:51:39.612546+00:00= Sparse edges loaded. Contains 163 edges
[INFO] 2016-12-21T02:51:39.613045+00:00= Loading label file...
[INFO] 2016-12-21T02:51:39.613546+00:00= Labels loaded.
[INFO] 2016-12-21T02:51:39.613546+00:00= Process matrix file...
[INFO] 2016-12-21T02:51:39.618549+00:00= Matrix Processed. 100 nodes and 556 edges loaded.
[INFO] 2016-12-21T02:51:39.618549+00:00= Visualize with networkx...
[INFO] 2016-12-21T02:51:40.330085+00:00= Visualization ready.
[INFO] 2016-12-21T02:51:40.332086+00:00= Loading matrix file...
[INFO] 2016-12-21T02:51:40.337590+00:00= Matrix loaded. Contains 10000 entries.
[INFO] 2016-12-21T02:51:40.337590+00:00= Loading sparse edges...
[INFO] 2016-12-21T02:51:40.338091+00:00= Sparse edges loaded. Contains 163 edges
[INFO] 2016-12-21T02:51:40.338591+00:00= Loading label file...
[INFO] 2016-12-21T02:51:40.339091+00:00= Labels loaded.
[INFO] 2016-12-21T02:51:40.339591+00:00= Process matrix file...
[INFO] 2016-12-21T02:51:40.345095+00:00= Matrix Processed. 100 nodes and 1038 edges loaded.
[INFO] 2016-12-21T02:51:40.345596+00:00= Visualize with networkx...
[INFO] 2016-12-21T02:51:40.999591+00:00= Visualization ready.
[INFO] 2016-12-21T02:51:41.002080+00:00= Loading matrix file...
[INFO] 2016-12-21T02:51:41.007596+00:00= Matrix loaded. Contains 10000 entries.
[INFO] 2016-12-21T02:51:41.008097+00:00= Loading sparse edges...
[INFO] 2016-12-21T02:51:41.008597+00:00= Sparse edges loaded. Contains 163 edges
[INFO] 2016-12-21T02:51:41.009084+00:00= Loading label file...
[INFO] 2016-12-21T02:51:41.009584+00:00= Labels loaded.
[INFO] 2016-12-21T02:51:41.009584+00:00= Process matrix file...
[INFO] 2016-12-21T02:51:41.015599+00:00= Matrix Processed. 100 nodes and 1334 edges loaded.
[INFO] 2016-12-21T02:51:41.016099+00:00= Visualize with networkx...
[INFO] 2016-12-21T02:51:41.699083+00:00= Visualization ready.
[INFO] 2016-12-21T02:51:41.701584+00:00= Loading matrix file...
[INFO] 2016-12-21T02:51:41.707590+00:00= Matrix loaded. Contains 10000 entries.
[INFO] 2016-12-21T02:51:41.708090+00:00= Loading sparse edges...
[INFO] 2016-12-21T02:51:41.708590+00:00= Sparse edges loaded. Contains 163 edges
[INFO] 2016-12-21T02:51:41.709080+00:00= Loading label file...
[INFO] 2016-12-21T02:51:41.711082+00:00= Labels loaded.
[INFO] 2016-12-21T02:51:41.711082+00:00= Process matrix file...
[INFO] 2016-12-21T02:51:41.716585+00:00= Matrix Processed. 100 nodes and 1548 edges loaded.
[INFO] 2016-12-21T02:51:41.717086+00:00= Visualize with networkx...
[INFO] 2016-12-21T02:51:42.378064+00:00= Visualization ready.
[INFO] 2016-12-21T02:51:42.380565+00:00= Loading matrix file...
[INFO] 2016-12-21T02:51:42.386069+00:00= Matrix loaded. Contains 10000 entries.
[INFO] 2016-12-21T02:51:42.386569+00:00= Loading sparse edges...
[INFO] 2016-12-21T02:51:42.387060+00:00= Sparse edges loaded. Contains 164 edges
[INFO] 2016-12-21T02:51:42.387570+00:00= Loading label file...
[INFO] 2016-12-21T02:51:42.388061+00:00= Labels loaded.
[INFO] 2016-12-21T02:51:42.388061+00:00= Process matrix file...
[INFO] 2016-12-21T02:51:42.395565+00:00= Matrix Processed. 100 nodes and 1616 edges loaded.
[INFO] 2016-12-21T02:51:42.396067+00:00= Visualize with networkx...
[INFO] 2016-12-21T02:51:43.091599+00:00= Visualization ready.
[INFO] 2016-12-21T02:51:43.094101+00:00= Loading matrix file...
[INFO] 2016-12-21T02:51:43.099104+00:00= Matrix loaded. Contains 10000 entries.
[INFO] 2016-12-21T02:51:43.099605+00:00= Loading sparse edges...
[INFO] 2016-12-21T02:51:43.100105+00:00= Sparse edges loaded. Contains 163 edges
[INFO] 2016-12-21T02:51:43.100606+00:00= Loading label file...
[INFO] 2016-12-21T02:51:43.100606+00:00= Labels loaded.
[INFO] 2016-12-21T02:51:43.101106+00:00= Process matrix file...
[INFO] 2016-12-21T02:51:43.158647+00:00= Matrix Processed. 100 nodes and 568 edges loaded.
[INFO] 2016-12-21T02:51:43.159147+00:00= Visualize with networkx...
[INFO] 2016-12-21T02:51:43.789723+00:00= Visualization ready.
[INFO] 2016-12-21T02:51:43.791725+00:00= Loading matrix file...
[INFO] 2016-12-21T02:51:43.797229+00:00= Matrix loaded. Contains 10000 entries.
[INFO] 2016-12-21T02:51:43.797729+00:00= Loading sparse edges...
[INFO] 2016-12-21T02:51:43.798229+00:00= Sparse edges loaded. Contains 163 edges
[INFO] 2016-12-21T02:51:43.798735+00:00= Loading label file...
[INFO] 2016-12-21T02:51:43.799230+00:00= Labels loaded.
[INFO] 2016-12-21T02:51:43.799230+00:00= Process matrix file...
[INFO] 2016-12-21T02:51:43.806236+00:00= Matrix Processed. 100 nodes and 1051 edges loaded.
[INFO] 2016-12-21T02:51:43.806736+00:00= Visualize with networkx...
[INFO] 2016-12-21T02:51:44.463311+00:00= Visualization ready.
[INFO] 2016-12-21T02:51:44.465298+00:00= Loading matrix file...
[INFO] 2016-12-21T02:51:44.470815+00:00= Matrix loaded. Contains 10000 entries.
[INFO] 2016-12-21T02:51:44.471315+00:00= Loading sparse edges...
[INFO] 2016-12-21T02:51:44.471816+00:00= Sparse edges loaded. Contains 163 edges
[INFO] 2016-12-21T02:51:44.471816+00:00= Loading label file...
[INFO] 2016-12-21T02:51:44.472304+00:00= Labels loaded.
[INFO] 2016-12-21T02:51:44.472818+00:00= Process matrix file...
[INFO] 2016-12-21T02:51:44.480319+00:00= Matrix Processed. 100 nodes and 1348 edges loaded.
[INFO] 2016-12-21T02:51:44.480810+00:00= Visualize with networkx...
[INFO] 2016-12-21T02:51:45.164840+00:00= Visualization ready.
[INFO] 2016-12-21T02:51:45.166828+00:00= Loading matrix file...
[INFO] 2016-12-21T02:51:45.172343+00:00= Matrix loaded. Contains 10000 entries.
[INFO] 2016-12-21T02:51:45.172843+00:00= Loading sparse edges...
[INFO] 2016-12-21T02:51:45.173357+00:00= Sparse edges loaded. Contains 163 edges
[INFO] 2016-12-21T02:51:45.173844+00:00= Loading label file...
[INFO] 2016-12-21T02:51:45.173844+00:00= Labels loaded.
[INFO] 2016-12-21T02:51:45.174343+00:00= Process matrix file...
[INFO] 2016-12-21T02:51:45.180848+00:00= Matrix Processed. 100 nodes and 1549 edges loaded.
[INFO] 2016-12-21T02:51:45.180848+00:00= Visualize with networkx...
[INFO] 2016-12-21T02:54:33.840699+00:00= visualization started at 2016-12-21T02:54:33.840699+00:00
[INFO] 2016-12-21T02:54:33.844703+00:00= Loading matrix file...
[INFO] 2016-12-21T02:54:33.868217+00:00= Matrix loaded. Contains 40000 entries.
[INFO] 2016-12-21T02:54:33.868710+00:00= Loading sparse edges...
[INFO] 2016-12-21T02:54:33.870211+00:00= Sparse edges loaded. Contains 164 edges
[INFO] 2016-12-21T02:54:33.870711+00:00= Loading label file...
[INFO] 2016-12-21T02:54:33.871212+00:00= Labels loaded.
[INFO] 2016-12-21T02:54:33.871712+00:00= Process matrix file...
[INFO] 2016-12-21T02:54:33.898230+00:00= Matrix Processed. 200 nodes and 6449 edges loaded.
[INFO] 2016-12-21T02:54:33.899733+00:00= Visualize with networkx...
[INFO] 2016-12-21T02:54:35.372820+00:00= Visualization ready.
[INFO] 2016-12-21T02:54:35.377309+00:00= Loading matrix file...
[INFO] 2016-12-21T02:54:35.399338+00:00= Matrix loaded. Contains 40000 entries.
[INFO] 2016-12-21T02:54:35.402328+00:00= Loading sparse edges...
[INFO] 2016-12-21T02:54:35.403829+00:00= Sparse edges loaded. Contains 163 edges
[INFO] 2016-12-21T02:54:35.403829+00:00= Loading label file...
[INFO] 2016-12-21T02:54:35.404342+00:00= Labels loaded.
[INFO] 2016-12-21T02:54:35.404839+00:00= Process matrix file...
[INFO] 2016-12-21T02:54:35.424861+00:00= Matrix Processed. 200 nodes and 2319 edges loaded.
[INFO] 2016-12-21T02:54:35.425360+00:00= Visualize with networkx...
[INFO] 2016-12-21T02:54:36.424139+00:00= Visualization ready.
[INFO] 2016-12-21T02:54:36.426141+00:00= Loading matrix file...
[INFO] 2016-12-21T02:54:36.446142+00:00= Matrix loaded. Contains 40000 entries.
[INFO] 2016-12-21T02:54:36.446643+00:00= Loading sparse edges...
[INFO] 2016-12-21T02:54:36.449648+00:00= Sparse edges loaded. Contains 163 edges
[INFO] 2016-12-21T02:54:36.451149+00:00= Loading label file...
[INFO] 2016-12-21T02:54:36.452146+00:00= Labels loaded.
[INFO] 2016-12-21T02:54:36.452146+00:00= Process matrix file...
[INFO] 2016-12-21T02:54:36.474674+00:00= Matrix Processed. 200 nodes and 4111 edges loaded.
[INFO] 2016-12-21T02:54:36.475193+00:00= Visualize with networkx...
[INFO] 2016-12-21T02:54:37.674616+00:00= Visualization ready.
[INFO] 2016-12-21T02:54:37.679113+00:00= Loading matrix file...
[INFO] 2016-12-21T02:54:37.701139+00:00= Matrix loaded. Contains 40000 entries.
[INFO] 2016-12-21T02:54:37.703140+00:00= Loading sparse edges...
[INFO] 2016-12-21T02:54:37.704641+00:00= Sparse edges loaded. Contains 163 edges
[INFO] 2016-12-21T02:54:37.705124+00:00= Loading label file...
[INFO] 2016-12-21T02:54:37.705124+00:00= Labels loaded.
[INFO] 2016-12-21T02:54:37.705638+00:00= Process matrix file...
[INFO] 2016-12-21T02:54:37.727152+00:00= Matrix Processed. 200 nodes and 5399 edges loaded.
[INFO] 2016-12-21T02:54:37.727642+00:00= Visualize with networkx...
[INFO] 2016-12-21T02:54:38.909066+00:00= Visualization ready.
[INFO] 2016-12-21T02:54:38.914067+00:00= Loading matrix file...
[INFO] 2016-12-21T02:54:38.938102+00:00= Matrix loaded. Contains 40000 entries.
[INFO] 2016-12-21T02:54:38.940087+00:00= Loading sparse edges...
[INFO] 2016-12-21T02:54:38.942102+00:00= Sparse edges loaded. Contains 163 edges
[INFO] 2016-12-21T02:54:38.942588+00:00= Loading label file...
[INFO] 2016-12-21T02:54:38.943101+00:00= Labels loaded.
[INFO] 2016-12-21T02:54:38.943607+00:00= Process matrix file...
[INFO] 2016-12-21T02:54:38.974123+00:00= Matrix Processed. 200 nodes and 6174 edges loaded.
[INFO] 2016-12-21T02:54:38.974617+00:00= Visualize with networkx...
[INFO] 2016-12-21T02:54:40.273207+00:00= Visualization ready.
[INFO] 2016-12-21T02:54:40.277210+00:00= Loading matrix file...
[INFO] 2016-12-21T02:54:40.301226+00:00= Matrix loaded. Contains 40000 entries.
[INFO] 2016-12-21T02:54:40.302729+00:00= Loading sparse edges...
[INFO] 2016-12-21T02:54:40.304229+00:00= Sparse edges loaded. Contains 164 edges
[INFO] 2016-12-21T02:54:40.304229+00:00= Loading label file...
[INFO] 2016-12-21T02:54:40.304732+00:00= Labels loaded.
[INFO] 2016-12-21T02:54:40.305227+00:00= Process matrix file...
[INFO] 2016-12-21T02:54:40.328251+00:00= Matrix Processed. 200 nodes and 6473 edges loaded.
[INFO] 2016-12-21T02:54:40.329734+00:00= Visualize with networkx...
[INFO] 2016-12-21T02:54:41.561605+00:00= Visualization ready.
[INFO] 2016-12-21T02:54:41.565608+00:00= Loading matrix file...
[INFO] 2016-12-21T02:54:41.588124+00:00= Matrix loaded. Contains 40000 entries.
[INFO] 2016-12-21T02:54:41.590126+00:00= Loading sparse edges...
[INFO] 2016-12-21T02:54:41.591134+00:00= Sparse edges loaded. Contains 163 edges
[INFO] 2016-12-21T02:54:41.591631+00:00= Loading label file...
[INFO] 2016-12-21T02:54:41.592127+00:00= Labels loaded.
[INFO] 2016-12-21T02:54:41.592627+00:00= Process matrix file...
[INFO] 2016-12-21T02:54:41.617145+00:00= Matrix Processed. 200 nodes and 2340 edges loaded.
[INFO] 2016-12-21T02:54:41.618146+00:00= Visualize with networkx...
[INFO] 2016-12-21T02:54:42.757452+00:00= Visualization ready.
[INFO] 2016-12-21T02:54:42.761455+00:00= Loading matrix file...
[INFO] 2016-12-21T02:54:42.783470+00:00= Matrix loaded. Contains 40000 entries.
[INFO] 2016-12-21T02:54:42.785472+00:00= Loading sparse edges...
[INFO] 2016-12-21T02:54:42.786473+00:00= Sparse edges loaded. Contains 163 edges
[INFO] 2016-12-21T02:54:42.786973+00:00= Loading label file...
[INFO] 2016-12-21T02:54:42.787473+00:00= Labels loaded.
[INFO] 2016-12-21T02:54:42.787974+00:00= Process matrix file...
[INFO] 2016-12-21T02:54:42.809577+00:00= Matrix Processed. 200 nodes and 4134 edges loaded.
[INFO] 2016-12-21T02:54:42.810078+00:00= Visualize with networkx...
[INFO] 2016-12-21T02:54:43.908447+00:00= Visualization ready.
[INFO] 2016-12-21T02:54:43.913943+00:00= Loading matrix file...
[INFO] 2016-12-21T02:54:43.937970+00:00= Matrix loaded. Contains 40000 entries.
[INFO] 2016-12-21T02:54:43.939961+00:00= Loading sparse edges...
[INFO] 2016-12-21T02:54:43.941972+00:00= Sparse edges loaded. Contains 163 edges
[INFO] 2016-12-21T02:54:43.942463+00:00= Loading label file...
[INFO] 2016-12-21T02:54:43.942971+00:00= Labels loaded.
[INFO] 2016-12-21T02:54:43.942971+00:00= Process matrix file...
[INFO] 2016-12-21T02:54:44.022517+00:00= Matrix Processed. 200 nodes and 5419 edges loaded.
[INFO] 2016-12-21T02:54:44.023518+00:00= Visualize with networkx...
[INFO] 2016-12-21T02:54:45.351069+00:00= Visualization ready.
[INFO] 2016-12-21T02:54:45.355576+00:00= Loading matrix file...
[INFO] 2016-12-21T02:54:45.376592+00:00= Matrix loaded. Contains 40000 entries.
[INFO] 2016-12-21T02:54:45.381080+00:00= Loading sparse edges...
[INFO] 2016-12-21T02:54:45.382078+00:00= Sparse edges loaded. Contains 163 edges
[INFO] 2016-12-21T02:54:45.382591+00:00= Loading label file...
[INFO] 2016-12-21T02:54:45.383091+00:00= Labels loaded.
[INFO] 2016-12-21T02:54:45.383578+00:00= Process matrix file...
[INFO] 2016-12-21T02:54:45.447644+00:00= Matrix Processed. 200 nodes and 6201 edges loaded.
[INFO] 2016-12-21T02:54:45.448624+00:00= Visualize with networkx...
[INFO] 2016-12-21T02:54:46.662283+00:00= Visualization ready.
[INFO] 2016-12-21T02:54:46.666297+00:00= Loading matrix file...
[INFO] 2016-12-21T02:54:46.688313+00:00= Matrix loaded. Contains 40000 entries.
[INFO] 2016-12-21T02:54:46.690304+00:00= Loading sparse edges...
[INFO] 2016-12-21T02:54:46.691305+00:00= Sparse edges loaded. Contains 164 edges
[INFO] 2016-12-21T02:54:46.691817+00:00= Loading label file...
[INFO] 2016-12-21T02:54:46.692305+00:00= Labels loaded.
[INFO] 2016-12-21T02:54:46.692805+00:00= Process matrix file...
[INFO] 2016-12-21T02:54:46.716839+00:00= Matrix Processed. 200 nodes and 6489 edges loaded.
[INFO] 2016-12-21T02:54:46.717822+00:00= Visualize with networkx...
[INFO] 2016-12-21T02:54:47.984717+00:00= Visualization ready.
[INFO] 2016-12-21T02:54:47.989221+00:00= Loading matrix file...
[INFO] 2016-12-21T02:54:48.010236+00:00= Matrix loaded. Contains 40000 entries.
[INFO] 2016-12-21T02:54:48.014238+00:00= Loading sparse edges...
[INFO] 2016-12-21T02:54:48.015239+00:00= Sparse edges loaded. Contains 163 edges
[INFO] 2016-12-21T02:54:48.015739+00:00= Loading label file...
[INFO] 2016-12-21T02:54:48.016239+00:00= Labels loaded.
[INFO] 2016-12-21T02:54:48.016740+00:00= Process matrix file...
[INFO] 2016-12-21T02:54:48.038255+00:00= Matrix Processed. 200 nodes and 2356 edges loaded.
[INFO] 2016-12-21T02:54:48.039256+00:00= Visualize with networkx...
[INFO] 2016-12-21T02:54:49.058478+00:00= Visualization ready.
[INFO] 2016-12-21T02:54:49.062994+00:00= Loading matrix file...
[INFO] 2016-12-21T02:54:49.087511+00:00= Matrix loaded. Contains 40000 entries.
[INFO] 2016-12-21T02:54:49.089502+00:00= Loading sparse edges...
[INFO] 2016-12-21T02:54:49.091018+00:00= Sparse edges loaded. Contains 163 edges
[INFO] 2016-12-21T02:54:49.091514+00:00= Loading label file...
[INFO] 2016-12-21T02:54:49.092504+00:00= Labels loaded.
[INFO] 2016-12-21T02:54:49.093503+00:00= Process matrix file...
[INFO] 2016-12-21T02:54:49.122523+00:00= Matrix Processed. 200 nodes and 4145 edges loaded.
[INFO] 2016-12-21T02:54:49.123036+00:00= Visualize with networkx...
[INFO] 2016-12-21T02:54:50.368918+00:00= Visualization ready.
[INFO] 2016-12-21T02:54:50.372908+00:00= Loading matrix file...
[INFO] 2016-12-21T02:54:50.394436+00:00= Matrix loaded. Contains 40000 entries.
[INFO] 2016-12-21T02:54:50.397427+00:00= Loading sparse edges...
[INFO] 2016-12-21T02:54:50.398427+00:00= Sparse edges loaded. Contains 163 edges
[INFO] 2016-12-21T02:54:50.398928+00:00= Loading label file...
[INFO] 2016-12-21T02:54:50.399439+00:00= Labels loaded.
[INFO] 2016-12-21T02:54:50.399439+00:00= Process matrix file...
[INFO] 2016-12-21T02:54:50.422944+00:00= Matrix Processed. 200 nodes and 5437 edges loaded.
[INFO] 2016-12-21T02:54:50.423445+00:00= Visualize with networkx...
[INFO] 2016-12-21T02:54:51.600970+00:00= Visualization ready.
[INFO] 2016-12-21T02:54:51.605460+00:00= Loading matrix file...
[INFO] 2016-12-21T02:54:51.626991+00:00= Matrix loaded. Contains 40000 entries.
[INFO] 2016-12-21T02:54:51.629978+00:00= Loading sparse edges...
[INFO] 2016-12-21T02:54:51.631491+00:00= Sparse edges loaded. Contains 163 edges
[INFO] 2016-12-21T02:54:51.631980+00:00= Loading label file...
[INFO] 2016-12-21T02:54:51.632491+00:00= Labels loaded.
[INFO] 2016-12-21T02:54:51.632491+00:00= Process matrix file...
[INFO] 2016-12-21T02:54:51.655510+00:00= Matrix Processed. 200 nodes and 6213 edges loaded.
[INFO] 2016-12-21T02:54:51.655996+00:00= Visualize with networkx...
[INFO] 2016-12-21T02:54:52.903410+00:00= Visualization ready.
[INFO] 2016-12-21T02:54:52.907430+00:00= Loading matrix file...
[INFO] 2016-12-21T02:54:52.930446+00:00= Matrix loaded. Contains 40000 entries.
[INFO] 2016-12-21T02:54:52.931948+00:00= Loading sparse edges...
[INFO] 2016-12-21T02:54:52.933446+00:00= Sparse edges loaded. Contains 164 edges
[INFO] 2016-12-21T02:54:52.933932+00:00= Loading label file...
[INFO] 2016-12-21T02:54:52.934441+00:00= Labels loaded.
[INFO] 2016-12-21T02:54:52.934441+00:00= Process matrix file...
[INFO] 2016-12-21T02:54:52.957963+00:00= Matrix Processed. 200 nodes and 6512 edges loaded.
[INFO] 2016-12-21T02:54:52.958948+00:00= Visualize with networkx...
[INFO] 2016-12-21T02:54:54.259518+00:00= Visualization ready.
[INFO] 2016-12-21T02:54:54.264505+00:00= Loading matrix file...
[INFO] 2016-12-21T02:54:54.289554+00:00= Matrix loaded. Contains 40000 entries.
[INFO] 2016-12-21T02:54:54.292567+00:00= Loading sparse edges...
[INFO] 2016-12-21T02:54:54.296059+00:00= Sparse edges loaded. Contains 163 edges
[INFO] 2016-12-21T02:54:54.296575+00:00= Loading label file...
[INFO] 2016-12-21T02:54:54.297060+00:00= Labels loaded.
[INFO] 2016-12-21T02:54:54.297561+00:00= Process matrix file...
[INFO] 2016-12-21T02:54:54.320577+00:00= Matrix Processed. 200 nodes and 2380 edges loaded.
[INFO] 2016-12-21T02:54:54.321078+00:00= Visualize with networkx...
[INFO] 2016-12-21T02:54:55.513144+00:00= Visualization ready.
[INFO] 2016-12-21T02:54:55.517135+00:00= Loading matrix file...
[INFO] 2016-12-21T02:54:55.537649+00:00= Matrix loaded. Contains 40000 entries.
[INFO] 2016-12-21T02:54:55.539663+00:00= Loading sparse edges...
[INFO] 2016-12-21T02:54:55.541654+00:00= Sparse edges loaded. Contains 163 edges
[INFO] 2016-12-21T02:54:55.542662+00:00= Loading label file...
[INFO] 2016-12-21T02:54:55.544169+00:00= Labels loaded.
[INFO] 2016-12-21T02:54:55.544656+00:00= Process matrix file...
[INFO] 2016-12-21T02:54:55.565186+00:00= Matrix Processed. 200 nodes and 4159 edges loaded.
[INFO] 2016-12-21T02:54:55.565686+00:00= Visualize with networkx...
[INFO] 2016-12-21T02:54:56.687976+00:00= Visualization ready.
[INFO] 2016-12-21T02:54:56.691983+00:00= Loading matrix file...
[INFO] 2016-12-21T02:54:56.714051+00:00= Matrix loaded. Contains 40000 entries.
[INFO] 2016-12-21T02:54:56.716052+00:00= Loading sparse edges...
[INFO] 2016-12-21T02:54:56.717553+00:00= Sparse edges loaded. Contains 163 edges
[INFO] 2016-12-21T02:54:56.717553+00:00= Loading label file...
[INFO] 2016-12-21T02:54:56.718042+00:00= Labels loaded.
[INFO] 2016-12-21T02:54:56.718541+00:00= Process matrix file...
[INFO] 2016-12-21T02:54:56.742073+00:00= Matrix Processed. 200 nodes and 5455 edges loaded.
[INFO] 2016-12-21T02:54:56.744073+00:00= Visualize with networkx...
[INFO] 2016-12-21T02:54:57.968253+00:00= Visualization ready.
[INFO] 2016-12-21T02:54:57.972761+00:00= Loading matrix file...
[INFO] 2016-12-21T02:54:57.995271+00:00= Matrix loaded. Contains 40000 entries.
[INFO] 2016-12-21T02:54:57.997278+00:00= Loading sparse edges...
[INFO] 2016-12-21T02:54:57.998275+00:00= Sparse edges loaded. Contains 163 edges
[INFO] 2016-12-21T02:54:57.998774+00:00= Loading label file...
[INFO] 2016-12-21T02:54:57.999262+00:00= Labels loaded.
[INFO] 2016-12-21T02:54:57.999262+00:00= Process matrix file...
[INFO] 2016-12-21T02:54:58.023280+00:00= Matrix Processed. 200 nodes and 6226 edges loaded.
[INFO] 2016-12-21T02:54:58.024781+00:00= Visualize with networkx...
[INFO] 2016-12-21T02:54:59.290302+00:00= Visualization ready.
[INFO] 2016-12-21T02:54:59.295305+00:00= Loading matrix file...
[INFO] 2016-12-21T02:54:59.421389+00:00= Matrix loaded. Contains 250000 entries.
[INFO] 2016-12-21T02:54:59.423882+00:00= Loading sparse edges...
[INFO] 2016-12-21T02:54:59.425383+00:00= Sparse edges loaded. Contains 153 edges
[INFO] 2016-12-21T02:54:59.425884+00:00= Loading label file...
[INFO] 2016-12-21T02:54:59.426384+00:00= Labels loaded.
[INFO] 2016-12-21T02:54:59.426895+00:00= Process matrix file...
[INFO] 2016-12-21T02:54:59.545482+00:00= Matrix Processed. 500 nodes and 1528 edges loaded.
[INFO] 2016-12-21T02:54:59.545982+00:00= Visualize with networkx...
[INFO] 2016-12-21T02:55:05.496434+00:00= Visualization ready.
[INFO] 2016-12-21T02:55:05.505940+00:00= Loading matrix file...
[INFO] 2016-12-21T02:55:05.562923+00:00= Matrix loaded. Contains 22500 entries.
[INFO] 2016-12-21T02:55:05.564927+00:00= Loading sparse edges...
[INFO] 2016-12-21T02:55:05.579936+00:00= Sparse edges loaded. Contains 152 edges
[INFO] 2016-12-21T02:55:05.580940+00:00= Loading label file...
[INFO] 2016-12-21T02:55:05.581940+00:00= Labels loaded.
[INFO] 2016-12-21T02:55:05.581940+00:00= Process matrix file...
[INFO] 2016-12-21T02:55:05.600474+00:00= Matrix Processed. 150 nodes and 10125 edges loaded.
[INFO] 2016-12-21T02:55:05.600974+00:00= Visualize with networkx...
[INFO] 2016-12-21T02:55:06.840368+00:00= Visualization ready.
[INFO] 2016-12-21T02:55:06.845372+00:00= Loading matrix file...
[INFO] 2016-12-21T02:55:06.881398+00:00= Matrix loaded. Contains 40000 entries.
[INFO] 2016-12-21T02:55:06.882899+00:00= Loading sparse edges...
[INFO] 2016-12-21T02:55:06.884900+00:00= Sparse edges loaded. Contains 152 edges
[INFO] 2016-12-21T02:55:06.885401+00:00= Loading label file...
[INFO] 2016-12-21T02:55:06.900411+00:00= Labels loaded.
[INFO] 2016-12-21T02:55:06.900911+00:00= Process matrix file...
[INFO] 2016-12-21T02:55:06.968960+00:00= Matrix Processed. 200 nodes and 18045 edges loaded.
[INFO] 2016-12-21T02:55:06.969961+00:00= Visualize with networkx...
[INFO] 2016-12-21T02:55:08.674667+00:00= Visualization ready.
[INFO] 2016-12-21T02:55:08.680171+00:00= visualization ended at 2016-12-21T02:55:08.680171+00:00 (35s)
