[INFO] 2016-12-07T23:50:23.709295+00:00= log started at 2016-12-07T23:50:23.709295+00:00
[INFO] 2016-12-07T23:50:23.710288+00:00= Loading matrix file...
[INFO] 2016-12-07T23:50:23.722315+00:00= Matrix loaded. Contains 22500 entries.
[INFO] 2016-12-07T23:50:23.722817+00:00= Loading label file...
[INFO] 2016-12-07T23:50:23.723315+00:00= Labels loaded.
[INFO] 2016-12-07T23:50:23.723811+00:00= Process matrix file...
[INFO] 2016-12-07T23:50:28.616180+00:00= Matrix Processed. 150 nodes and 10125 edges loaded.
[INFO] 2016-12-07T23:50:28.618683+00:00= Visualize with plotly...
[INFO] 2016-12-07T23:50:32.709963+00:00= Visualization ready.
[INFO] 2016-12-07T23:50:32.711963+00:00= log ended at 2016-12-07T23:50:32.711963+00:00 (9s)
[INFO] 2016-12-07T23:54:56.821464+00:00= log started at 2016-12-07T23:54:56.821464+00:00
[INFO] 2016-12-07T23:54:56.822469+00:00= Loading matrix file...
[INFO] 2016-12-07T23:54:56.834461+00:00= Matrix loaded. Contains 22500 entries.
[INFO] 2016-12-07T23:54:56.835462+00:00= Loading label file...
[INFO] 2016-12-07T23:54:56.835462+00:00= Labels loaded.
[INFO] 2016-12-07T23:54:56.836463+00:00= Process matrix file...
[INFO] 2016-12-07T23:55:01.691422+00:00= Matrix Processed. 150 nodes and 10125 edges loaded.
[INFO] 2016-12-07T23:55:01.693065+00:00= Visualize with plotly...
[INFO] 2016-12-07T23:55:05.814427+00:00= Visualization ready.
[INFO] 2016-12-07T23:55:05.819427+00:00= log ended at 2016-12-07T23:55:05.819427+00:00 (9s)
[INFO] 2016-12-07T23:57:42.426227+00:00= log started at 2016-12-07T23:57:42.426227+00:00
[INFO] 2016-12-07T23:57:42.427713+00:00= Loading matrix file...
[INFO] 2016-12-07T23:57:42.440252+00:00= Matrix loaded. Contains 22500 entries.
[INFO] 2016-12-07T23:57:42.440252+00:00= Loading label file...
[INFO] 2016-12-07T23:57:42.441240+00:00= Labels loaded.
[INFO] 2016-12-07T23:57:42.441240+00:00= Process matrix file...
[INFO] 2016-12-07T23:57:47.342803+00:00= Matrix Processed. 150 nodes and 10125 edges loaded.
[INFO] 2016-12-07T23:57:47.343806+00:00= Visualize with plotly...
[INFO] 2016-12-07T23:58:05.010464+00:00= Visualization ready.
[INFO] 2016-12-07T23:58:05.012464+00:00= log ended at 2016-12-07T23:58:05.012464+00:00 (23s)
[INFO] 2016-12-08T00:00:10.974022+00:00= log started at 2016-12-08T00:00:10.974022+00:00
[INFO] 2016-12-08T00:00:10.975022+00:00= Loading matrix file...
[INFO] 2016-12-08T00:00:10.988014+00:00= Matrix loaded. Contains 22500 entries.
[INFO] 2016-12-08T00:00:10.988014+00:00= Loading label file...
[INFO] 2016-12-08T00:00:10.989015+00:00= Labels loaded.
[INFO] 2016-12-08T00:00:10.989015+00:00= Process matrix file...
[INFO] 2016-12-08T00:00:16.154823+00:00= Matrix Processed. 150 nodes and 10125 edges loaded.
[INFO] 2016-12-08T00:00:16.156826+00:00= Visualize with plotly...
[INFO] 2016-12-08T00:00:21.282469+00:00= Visualization ready.
[INFO] 2016-12-08T00:00:21.289475+00:00= log ended at 2016-12-08T00:00:21.289475+00:00 (11s)
[INFO] 2016-12-08T00:01:16.442027+00:00= log started at 2016-12-08T00:01:16.442027+00:00
[INFO] 2016-12-08T00:01:16.444030+00:00= Loading matrix file...
[INFO] 2016-12-08T00:01:16.460039+00:00= Matrix loaded. Contains 22500 entries.
[INFO] 2016-12-08T00:01:16.461039+00:00= Loading label file...
[INFO] 2016-12-08T00:01:16.461039+00:00= Labels loaded.
[INFO] 2016-12-08T00:01:16.461039+00:00= Process matrix file...
[INFO] 2016-12-08T00:01:21.421596+00:00= Matrix Processed. 150 nodes and 10125 edges loaded.
[INFO] 2016-12-08T00:01:21.423615+00:00= Visualize with plotly...
[INFO] 2016-12-08T00:01:26.375631+00:00= Visualization ready.
[INFO] 2016-12-08T00:01:26.379635+00:00= log ended at 2016-12-08T00:01:26.379635+00:00 (10s)
[INFO] 2016-12-08T00:01:51.909472+00:00= log started at 2016-12-08T00:01:51.909472+00:00
[INFO] 2016-12-08T00:01:51.910974+00:00= Loading matrix file...
[INFO] 2016-12-08T00:01:51.923495+00:00= Matrix loaded. Contains 22500 entries.
[INFO] 2016-12-08T00:01:51.923983+00:00= Loading label file...
[INFO] 2016-12-08T00:01:51.924484+00:00= Labels loaded.
[INFO] 2016-12-08T00:01:51.924775+00:00= Process matrix file...
[INFO] 2016-12-08T00:01:56.752878+00:00= Matrix Processed. 150 nodes and 10125 edges loaded.
[INFO] 2016-12-08T00:01:56.754386+00:00= Visualize with plotly...
[INFO] 2016-12-08T00:02:00.511035+00:00= Visualization ready.
[INFO] 2016-12-08T00:02:00.513536+00:00= log ended at 2016-12-08T00:02:00.513536+00:00 (9s)
[INFO] 2016-12-08T00:02:34.106187+00:00= log started at 2016-12-08T00:02:34.106187+00:00
[INFO] 2016-12-08T00:02:34.108189+00:00= Loading matrix file...
[INFO] 2016-12-08T00:02:34.120197+00:00= Matrix loaded. Contains 22500 entries.
[INFO] 2016-12-08T00:02:34.121199+00:00= Loading label file...
[INFO] 2016-12-08T00:02:34.121199+00:00= Labels loaded.
[INFO] 2016-12-08T00:02:34.122224+00:00= Process matrix file...
[INFO] 2016-12-08T00:02:39.597011+00:00= Matrix Processed. 150 nodes and 10125 edges loaded.
[INFO] 2016-12-08T00:02:39.599026+00:00= Visualize with plotly...
[INFO] 2016-12-08T00:02:44.315897+00:00= Visualization ready.
[INFO] 2016-12-08T00:02:44.317899+00:00= log ended at 2016-12-08T00:02:44.317899+00:00 (10s)
[INFO] 2016-12-08T00:03:17.336538+00:00= log started at 2016-12-08T00:03:17.336538+00:00
[INFO] 2016-12-08T00:03:17.338028+00:00= Loading matrix file...
[INFO] 2016-12-08T00:03:17.350059+00:00= Matrix loaded. Contains 22500 entries.
[INFO] 2016-12-08T00:03:17.351060+00:00= Loading label file...
[INFO] 2016-12-08T00:03:17.352061+00:00= Labels loaded.
[INFO] 2016-12-08T00:03:17.352061+00:00= Process matrix file...
[INFO] 2016-12-08T00:03:22.357741+00:00= Matrix Processed. 150 nodes and 10125 edges loaded.
[INFO] 2016-12-08T00:03:22.359743+00:00= Visualize with plotly...
[INFO] 2016-12-08T00:03:27.493518+00:00= Visualization ready.
[INFO] 2016-12-08T00:03:27.495519+00:00= log ended at 2016-12-08T00:03:27.495519+00:00 (10s)
[INFO] 2016-12-08T00:03:55.614447+00:00= log started at 2016-12-08T00:03:55.614447+00:00
[INFO] 2016-12-08T00:03:55.615453+00:00= Loading matrix file...
[INFO] 2016-12-08T00:03:55.627455+00:00= Matrix loaded. Contains 22500 entries.
[INFO] 2016-12-08T00:03:55.628455+00:00= Loading label file...
[INFO] 2016-12-08T00:03:55.629104+00:00= Labels loaded.
[INFO] 2016-12-08T00:03:55.629104+00:00= Process matrix file...
[INFO] 2016-12-08T00:04:00.575593+00:00= Matrix Processed. 150 nodes and 10125 edges loaded.
[INFO] 2016-12-08T00:04:00.577600+00:00= Visualize with plotly...
[INFO] 2016-12-08T00:04:04.085768+00:00= Visualization ready.
[INFO] 2016-12-08T00:04:04.086769+00:00= log ended at 2016-12-08T00:04:04.086769+00:00 (9s)
[INFO] 2016-12-08T00:04:35.926827+00:00= log started at 2016-12-08T00:04:35.926827+00:00
[INFO] 2016-12-08T00:04:35.928314+00:00= Loading matrix file...
[INFO] 2016-12-08T00:04:35.940397+00:00= Matrix loaded. Contains 22500 entries.
[INFO] 2016-12-08T00:04:35.941399+00:00= Loading label file...
[INFO] 2016-12-08T00:04:35.941399+00:00= Labels loaded.
[INFO] 2016-12-08T00:04:35.942399+00:00= Process matrix file...
[INFO] 2016-12-08T00:04:40.779751+00:00= Matrix Processed. 150 nodes and 10125 edges loaded.
[INFO] 2016-12-08T00:04:40.781746+00:00= Visualize with plotly...
[INFO] 2016-12-08T00:04:42.704507+00:00= Visualization ready.
[INFO] 2016-12-08T00:04:42.705507+00:00= log ended at 2016-12-08T00:04:42.705507+00:00 (7s)
[INFO] 2016-12-08T00:06:36.694194+00:00= log started at 2016-12-08T00:06:36.694194+00:00
[INFO] 2016-12-08T00:06:36.697196+00:00= Loading matrix file...
[INFO] 2016-12-08T00:06:36.718716+00:00= Matrix loaded. Contains 22500 entries.
[INFO] 2016-12-08T00:06:36.719217+00:00= Loading label file...
[INFO] 2016-12-08T00:06:36.722224+00:00= Labels loaded.
[INFO] 2016-12-08T00:06:36.723235+00:00= Process matrix file...
[INFO] 2016-12-08T00:06:41.731429+00:00= Matrix Processed. 150 nodes and 10125 edges loaded.
[INFO] 2016-12-08T00:06:41.732435+00:00= Visualize with plotly...
[INFO] 2016-12-08T00:06:43.761421+00:00= Visualization ready.
[INFO] 2016-12-08T00:06:43.764422+00:00= log ended at 2016-12-08T00:06:43.764422+00:00 (7s)
[INFO] 2016-12-08T00:07:43.473750+00:00= log started at 2016-12-08T00:07:43.473750+00:00
[INFO] 2016-12-08T00:07:43.476752+00:00= Loading matrix file...
[INFO] 2016-12-08T00:07:43.499273+00:00= Matrix loaded. Contains 22500 entries.
[INFO] 2016-12-08T00:07:43.499772+00:00= Loading label file...
[INFO] 2016-12-08T00:07:43.505276+00:00= Labels loaded.
[INFO] 2016-12-08T00:07:43.505776+00:00= Process matrix file...
[INFO] 2016-12-08T00:07:48.539569+00:00= Matrix Processed. 150 nodes and 10125 edges loaded.
[INFO] 2016-12-08T00:07:48.540587+00:00= Visualize with plotly...
[INFO] 2016-12-08T00:07:51.625156+00:00= Visualization ready.
[INFO] 2016-12-08T00:07:51.627159+00:00= log ended at 2016-12-08T00:07:51.627159+00:00 (8s)
[INFO] 2016-12-08T00:10:44.399472+00:00= log started at 2016-12-08T00:10:44.399472+00:00
[INFO] 2016-12-08T00:10:44.401056+00:00= Loading matrix file...
[INFO] 2016-12-08T00:10:44.413083+00:00= Matrix loaded. Contains 22500 entries.
[INFO] 2016-12-08T00:10:44.413083+00:00= Loading label file...
[INFO] 2016-12-08T00:10:44.414067+00:00= Labels loaded.
[INFO] 2016-12-08T00:10:44.415515+00:00= Process matrix file...
[INFO] 2016-12-08T00:10:49.333200+00:00= Matrix Processed. 150 nodes and 10125 edges loaded.
[INFO] 2016-12-08T00:10:49.335190+00:00= Visualize with plotly...
[INFO] 2016-12-08T00:10:57.166965+00:00= Visualization ready.
[INFO] 2016-12-08T00:10:57.168968+00:00= log ended at 2016-12-08T00:10:57.168968+00:00 (13s)
[INFO] 2016-12-08T00:12:21.349105+00:00= log started at 2016-12-08T00:12:21.349105+00:00
[INFO] 2016-12-08T00:12:21.351108+00:00= Loading matrix file...
[INFO] 2016-12-08T00:12:21.364116+00:00= Matrix loaded. Contains 22500 entries.
[INFO] 2016-12-08T00:12:21.364116+00:00= Loading label file...
[INFO] 2016-12-08T00:12:21.365117+00:00= Labels loaded.
[INFO] 2016-12-08T00:12:21.365117+00:00= Process matrix file...
[INFO] 2016-12-08T00:12:26.263065+00:00= Matrix Processed. 150 nodes and 10125 edges loaded.
[INFO] 2016-12-08T00:12:26.265083+00:00= Visualize with plotly...
[INFO] 2016-12-08T00:12:57.481366+00:00= Visualization ready.
[INFO] 2016-12-08T00:12:57.483849+00:00= log ended at 2016-12-08T00:12:57.483849+00:00 (36s)
[INFO] 2016-12-08T00:24:04.456179+00:00= log started at 2016-12-08T00:24:04.456179+00:00
[INFO] 2016-12-08T00:24:04.457532+00:00= Loading matrix file...
[INFO] 2016-12-08T00:24:04.492069+00:00= Matrix loaded. Contains 73441 entries.
[INFO] 2016-12-08T00:24:04.492569+00:00= Loading label file...
[INFO] 2016-12-08T00:24:04.494059+00:00= Labels loaded.
[INFO] 2016-12-08T00:24:04.494059+00:00= Process matrix file...
[INFO] 2016-12-08T00:24:35.389035+00:00= Matrix Processed. 271 nodes and 647 edges loaded.
[INFO] 2016-12-08T00:24:35.390525+00:00= Visualize with plotly...
[INFO] 2016-12-08T00:28:02.380558+00:00= log started at 2016-12-08T00:28:02.380558+00:00
[INFO] 2016-12-08T00:28:02.382073+00:00= Loading matrix file...
[INFO] 2016-12-08T00:28:02.416084+00:00= Matrix loaded. Contains 73441 entries.
[INFO] 2016-12-08T00:28:02.416585+00:00= Loading label file...
[INFO] 2016-12-08T00:28:02.419087+00:00= Labels loaded.
[INFO] 2016-12-08T00:28:02.419087+00:00= Process matrix file...
[INFO] 2016-12-08T00:28:32.235086+00:00= Matrix Processed. 271 nodes and 647 edges loaded.
[INFO] 2016-12-08T00:28:32.237105+00:00= Visualize with plotly...
[INFO] 2016-12-08T00:29:41.167089+00:00= log started at 2016-12-08T00:29:41.167089+00:00
[INFO] 2016-12-08T00:29:41.169090+00:00= Loading matrix file...
[INFO] 2016-12-08T00:29:41.202736+00:00= Matrix loaded. Contains 73441 entries.
[INFO] 2016-12-08T00:29:41.204739+00:00= Loading label file...
[INFO] 2016-12-08T00:29:41.206737+00:00= Labels loaded.
[INFO] 2016-12-08T00:29:41.207387+00:00= Process matrix file...
[INFO] 2016-12-08T00:30:13.540353+00:00= Matrix Processed. 271 nodes and 647 edges loaded.
[INFO] 2016-12-08T00:30:13.543337+00:00= Visualize with plotly...
[INFO] 2016-12-08T00:31:29.444786+00:00= log started at 2016-12-08T00:31:29.444786+00:00
[INFO] 2016-12-08T00:31:29.446787+00:00= Loading matrix file...
[INFO] 2016-12-08T00:31:29.483331+00:00= Matrix loaded. Contains 73441 entries.
[INFO] 2016-12-08T00:31:29.484334+00:00= Loading label file...
[INFO] 2016-12-08T00:31:29.486318+00:00= Labels loaded.
[INFO] 2016-12-08T00:31:29.487344+00:00= Process matrix file...
[INFO] 2016-12-08T00:31:59.747569+00:00= Matrix Processed. 271 nodes and 647 edges loaded.
[INFO] 2016-12-08T00:31:59.749573+00:00= Visualize with plotly...
[INFO] 2016-12-08T00:32:29.127378+00:00= Visualization ready.
[INFO] 2016-12-08T00:32:29.129378+00:00= log ended at 2016-12-08T00:32:29.129378+00:00 (60s)
[INFO] 2016-12-08T00:36:17.847914+00:00= log started at 2016-12-08T00:36:17.847914+00:00
[INFO] 2016-12-08T00:36:17.849413+00:00= Loading matrix file...
[INFO] 2016-12-08T00:36:17.884978+00:00= Matrix loaded. Contains 73441 entries.
[INFO] 2016-12-08T00:36:17.886958+00:00= Loading label file...
[INFO] 2016-12-08T00:36:17.888977+00:00= Labels loaded.
[INFO] 2016-12-08T00:36:17.889981+00:00= Process matrix file...
[INFO] 2016-12-08T00:36:47.357069+00:00= Matrix Processed. 271 nodes and 647 edges loaded.
[INFO] 2016-12-08T00:36:47.359085+00:00= Visualize with plotly...
[INFO] 2016-12-08T00:38:35.723817+00:00= log started at 2016-12-08T00:38:35.723817+00:00
[INFO] 2016-12-08T00:38:35.725344+00:00= Loading matrix file...
[INFO] 2016-12-08T00:38:35.727336+00:00= Matrix loaded. Contains 1024 entries.
[INFO] 2016-12-08T00:38:35.728366+00:00= Loading label file...
[INFO] 2016-12-08T00:38:35.728920+00:00= Labels loaded.
[INFO] 2016-12-08T00:38:35.729303+00:00= Process matrix file...
[INFO] 2016-12-08T00:38:35.818084+00:00= Matrix Processed. 32 nodes and 376 edges loaded.
[INFO] 2016-12-08T00:38:35.818084+00:00= Visualize with plotly...
[INFO] 2016-12-08T00:39:12.307515+00:00= Visualization ready.
[INFO] 2016-12-08T00:39:12.311516+00:00= log ended at 2016-12-08T00:39:12.311516+00:00 (37s)
[INFO] 2016-12-08T00:42:12.632058+00:00= log started at 2016-12-08T00:42:12.632058+00:00
[INFO] 2016-12-08T00:42:12.633659+00:00= Loading matrix file...
[INFO] 2016-12-08T00:42:12.646194+00:00= Matrix loaded. Contains 22500 entries.
[INFO] 2016-12-08T00:42:12.647182+00:00= Loading label file...
[INFO] 2016-12-08T00:42:12.647182+00:00= Labels loaded.
[INFO] 2016-12-08T00:42:12.647182+00:00= Process matrix file...
[INFO] 2016-12-08T00:42:17.471681+00:00= Matrix Processed. 150 nodes and 10125 edges loaded.
[INFO] 2016-12-08T00:42:17.473682+00:00= Visualize with plotly...
[INFO] 2016-12-08T00:42:45.985848+00:00= Visualization ready.
[INFO] 2016-12-08T00:42:45.987848+00:00= log ended at 2016-12-08T00:42:45.987848+00:00 (33s)
[INFO] 2016-12-08T00:50:21.037124+00:00= log started at 2016-12-08T00:50:21.037124+00:00
[INFO] 2016-12-08T00:50:21.054360+00:00= Loading matrix file...
[INFO] 2016-12-08T00:50:21.056364+00:00= Matrix loaded. Contains 1024 entries.
[INFO] 2016-12-08T00:50:21.057557+00:00= Loading label file...
[INFO] 2016-12-08T00:50:21.057891+00:00= Labels loaded.
[INFO] 2016-12-08T00:50:21.058293+00:00= Process matrix file...
[INFO] 2016-12-08T00:50:21.153903+00:00= Matrix Processed. 32 nodes and 310 edges loaded.
[INFO] 2016-12-08T00:50:21.154904+00:00= Visualize with plotly...
[INFO] 2016-12-08T00:50:48.055864+00:00= Visualization ready.
[INFO] 2016-12-08T00:50:48.057365+00:00= log ended at 2016-12-08T00:50:48.057365+00:00 (27s)
[INFO] 2016-12-08T00:52:15.993698+00:00= log started at 2016-12-08T00:52:15.993698+00:00
[INFO] 2016-12-08T00:52:15.995447+00:00= Loading matrix file...
[INFO] 2016-12-08T00:52:15.997960+00:00= Matrix loaded. Contains 1024 entries.
[INFO] 2016-12-08T00:52:15.998460+00:00= Loading label file...
[INFO] 2016-12-08T00:52:15.998950+00:00= Labels loaded.
[INFO] 2016-12-08T00:52:15.999451+00:00= Process matrix file...
[INFO] 2016-12-08T00:52:16.087433+00:00= Matrix Processed. 32 nodes and 310 edges loaded.
[INFO] 2016-12-08T00:52:16.088434+00:00= Visualize with plotly...
[INFO] 2016-12-08T20:52:39.563932+00:00= log started at 2016-12-08T20:52:39.563932+00:00
[INFO] 2016-12-08T20:52:39.588656+00:00= Loading matrix file...
[INFO] 2016-12-08T20:52:39.622692+00:00= Matrix loaded. Contains 73441 entries.
[INFO] 2016-12-08T20:52:39.623680+00:00= Loading label file...
[INFO] 2016-12-08T20:52:39.623680+00:00= Labels loaded.
[INFO] 2016-12-08T20:52:39.624682+00:00= Process matrix file...
[INFO] 2016-12-08T20:53:08.411869+00:00= Matrix Processed. 271 nodes and 647 edges loaded.
[INFO] 2016-12-08T20:53:08.411869+00:00= Visualize with plotly...
[INFO] 2016-12-08T20:53:43.889222+00:00= log started at 2016-12-08T20:53:43.889222+00:00
[INFO] 2016-12-08T20:53:43.904839+00:00= Loading matrix file...
[INFO] 2016-12-08T20:53:43.936107+00:00= Matrix loaded. Contains 73441 entries.
[INFO] 2016-12-08T20:53:43.936107+00:00= Loading label file...
[INFO] 2016-12-08T20:53:43.936107+00:00= Labels loaded.
[INFO] 2016-12-08T20:53:43.936107+00:00= Process matrix file...
[INFO] 2016-12-08T20:54:13.093815+00:00= Matrix Processed. 271 nodes and 647 edges loaded.
[INFO] 2016-12-08T20:54:13.093815+00:00= Visualize with plotly...
[INFO] 2016-12-08T20:54:50.831522+00:00= Visualization ready.
[INFO] 2016-12-08T20:54:50.831522+00:00= log ended at 2016-12-08T20:54:50.831522+00:00 (67s)
[INFO] 2016-12-08T22:07:25.485580+00:00= log started at 2016-12-08T22:07:25.485580+00:00
[INFO] 2016-12-08T22:07:25.488583+00:00= Loading matrix file...
[INFO] 2016-12-08T22:07:25.526364+00:00= Matrix loaded. Contains 73441 entries.
[INFO] 2016-12-08T22:07:25.526364+00:00= Loading label file...
[INFO] 2016-12-08T22:07:25.526364+00:00= Labels loaded.
[INFO] 2016-12-08T22:07:25.526364+00:00= Process matrix file...
[INFO] 2016-12-08T22:08:10.298392+00:00= Matrix Processed. 271 nodes and 647 edges loaded.
[INFO] 2016-12-08T22:08:10.298392+00:00= Visualize with plotly...
[INFO] 2016-12-08T22:09:33.102442+00:00= Visualization ready.
[INFO] 2016-12-08T22:09:33.102442+00:00= log ended at 2016-12-08T22:09:33.102442+00:00 (128s)
