[INFO] 2016-12-18T19:16:23.098594+00:00= visualization started at 2016-12-18T19:16:23.098594+00:00
[INFO] 2016-12-18T19:16:23.101094+00:00= Loading matrix file...
[INFO] 2016-12-19T18:46:59.594336+00:00= visualization started at 2016-12-19T18:46:59.594336+00:00
[INFO] 2016-12-19T18:47:20.639228+00:00= visualization started at 2016-12-19T18:47:20.639228+00:00
[INFO] 2016-12-19T18:47:20.641230+00:00= Loading matrix file...
[INFO] 2016-12-19T18:47:20.692562+00:00= Matrix loaded. Contains 73441 entries.
[INFO] 2016-12-19T18:47:20.693061+00:00= Loading sparse edges...
[INFO] 2016-12-19T18:47:37.102505+00:00= visualization started at 2016-12-19T18:47:37.102005+00:00
[INFO] 2016-12-19T18:47:37.104006+00:00= Loading matrix file...
[INFO] 2016-12-19T18:47:37.144534+00:00= Matrix loaded. Contains 73441 entries.
[INFO] 2016-12-19T18:47:37.145034+00:00= Loading sparse edges...
[INFO] 2016-12-19T18:47:37.146034+00:00= Sparse edges loaded. Contains 111 edges
[INFO] 2016-12-19T18:47:37.146034+00:00= Loading label file...
[INFO] 2016-12-19T18:47:37.156194+00:00= Labels loaded.
[INFO] 2016-12-19T18:47:37.156194+00:00= Process matrix file...
[INFO] 2016-12-19T18:48:09.013157+00:00= Matrix Processed. 271 nodes and 647 edges loaded.
[INFO] 2016-12-19T18:48:09.014657+00:00= Visualize with plotly...
[INFO] 2016-12-19T18:48:52.942178+00:00= visualization started at 2016-12-19T18:48:52.942178+00:00
[INFO] 2016-12-19T18:48:52.943178+00:00= Loading matrix file...
[INFO] 2016-12-19T18:48:52.985207+00:00= Matrix loaded. Contains 73441 entries.
[INFO] 2016-12-19T18:48:52.985707+00:00= Loading sparse edges...
[INFO] 2016-12-19T18:49:25.019328+00:00= visualization started at 2016-12-19T18:49:25.019328+00:00
[INFO] 2016-12-19T18:49:25.020829+00:00= Loading matrix file...
[INFO] 2016-12-19T18:49:25.059855+00:00= Matrix loaded. Contains 73441 entries.
[INFO] 2016-12-19T18:49:25.060369+00:00= Loading sparse edges...
[INFO] 2016-12-19T18:49:25.060873+00:00= Sparse edges loaded. Contains 111 edges
[INFO] 2016-12-19T18:49:25.060873+00:00= Loading label file...
[INFO] 2016-12-19T18:49:25.061373+00:00= Labels loaded.
[INFO] 2016-12-19T18:49:25.061872+00:00= Process matrix file...
[INFO] 2016-12-19T18:49:56.838720+00:00= Matrix Processed. 271 nodes and 647 edges loaded.
[INFO] 2016-12-19T18:49:56.840720+00:00= Visualize with plotly...
[INFO] 2016-12-19T18:50:37.501112+00:00= Visualization ready.
[INFO] 2016-12-19T18:50:37.509118+00:00= visualization ended at 2016-12-19T18:50:37.509118+00:00 (72s)
[INFO] 2016-12-19T19:05:37.116712+00:00= visualization started at 2016-12-19T19:05:37.116712+00:00
[INFO] 2016-12-19T19:05:37.118214+00:00= Loading matrix file...
[INFO] 2016-12-19T19:05:37.120214+00:00= Matrix loaded. Contains 1024 entries.
[INFO] 2016-12-19T19:05:37.120214+00:00= Loading sparse edges...
[INFO] 2016-12-19T19:05:37.120715+00:00= Sparse edges loaded. Contains 116 edges
[INFO] 2016-12-19T19:05:37.120715+00:00= Loading label file...
[INFO] 2016-12-19T19:05:37.121215+00:00= Labels loaded.
[INFO] 2016-12-19T19:05:37.121716+00:00= Process matrix file...
[INFO] 2016-12-19T19:05:37.205880+00:00= Matrix Processed. 32 nodes and 310 edges loaded.
[INFO] 2016-12-19T19:05:37.206381+00:00= Visualize with networkx...
[INFO] 2016-12-19T19:05:37.206381+00:00= Visualization ready.
[INFO] 2016-12-19T19:05:37.206881+00:00= visualization ended at 2016-12-19T19:05:37.206881+00:00 (0s)
[INFO] 2016-12-19T19:07:27.366409+00:00= visualization started at 2016-12-19T19:07:27.366409+00:00
[INFO] 2016-12-19T19:07:27.367908+00:00= Loading matrix file...
[INFO] 2016-12-19T19:07:27.369911+00:00= Matrix loaded. Contains 1024 entries.
[INFO] 2016-12-19T19:07:27.370410+00:00= Loading sparse edges...
[INFO] 2016-12-19T19:07:27.370911+00:00= Sparse edges loaded. Contains 116 edges
[INFO] 2016-12-19T19:07:27.370911+00:00= Loading label file...
[INFO] 2016-12-19T19:07:27.371411+00:00= Labels loaded.
[INFO] 2016-12-19T19:07:27.371411+00:00= Process matrix file...
[INFO] 2016-12-19T19:07:27.458970+00:00= Matrix Processed. 32 nodes and 310 edges loaded.
[INFO] 2016-12-19T19:07:27.459471+00:00= Visualize with networkx...
[INFO] 2016-12-19T19:07:46.521026+00:00= visualization started at 2016-12-19T19:07:46.521026+00:00
[INFO] 2016-12-19T19:07:46.522527+00:00= Loading matrix file...
[INFO] 2016-12-19T19:07:46.524528+00:00= Matrix loaded. Contains 1024 entries.
[INFO] 2016-12-19T19:07:46.525028+00:00= Loading sparse edges...
[INFO] 2016-12-19T19:07:46.525528+00:00= Sparse edges loaded. Contains 116 edges
[INFO] 2016-12-19T19:07:46.525528+00:00= Loading label file...
[INFO] 2016-12-19T19:07:46.526029+00:00= Labels loaded.
[INFO] 2016-12-19T19:07:46.526029+00:00= Process matrix file...
[INFO] 2016-12-19T19:07:46.625096+00:00= Matrix Processed. 32 nodes and 310 edges loaded.
[INFO] 2016-12-19T19:07:46.625596+00:00= Visualize with networkx...
[INFO] 2016-12-19T19:08:11.662244+00:00= visualization started at 2016-12-19T19:08:11.662244+00:00
[INFO] 2016-12-19T19:08:11.663744+00:00= Loading matrix file...
[INFO] 2016-12-19T19:08:11.665245+00:00= Matrix loaded. Contains 1024 entries.
[INFO] 2016-12-19T19:08:11.665746+00:00= Loading sparse edges...
[INFO] 2016-12-19T19:08:11.666246+00:00= Sparse edges loaded. Contains 116 edges
[INFO] 2016-12-19T19:08:11.666746+00:00= Loading label file...
[INFO] 2016-12-19T19:08:11.667246+00:00= Labels loaded.
[INFO] 2016-12-19T19:08:11.667746+00:00= Process matrix file...
[INFO] 2016-12-19T19:08:11.721783+00:00= Matrix Processed. 32 nodes and 310 edges loaded.
[INFO] 2016-12-19T19:08:11.722283+00:00= Visualize with networkx...
[INFO] 2016-12-19T19:08:12.097758+00:00= Visualization ready.
[INFO] 2016-12-19T19:08:12.099305+00:00= visualization ended at 2016-12-19T19:08:12.099305+00:00 (1s)
[INFO] 2016-12-19T19:12:11.529543+00:00= visualization started at 2016-12-19T19:12:11.529042+00:00
[INFO] 2016-12-19T19:12:11.530543+00:00= Loading matrix file...
[INFO] 2016-12-19T19:12:11.532544+00:00= Matrix loaded. Contains 1024 entries.
[INFO] 2016-12-19T19:12:11.533044+00:00= Loading sparse edges...
[INFO] 2016-12-19T19:12:11.533545+00:00= Sparse edges loaded. Contains 116 edges
[INFO] 2016-12-19T19:12:11.533545+00:00= Loading label file...
[INFO] 2016-12-19T19:12:11.534048+00:00= Labels loaded.
[INFO] 2016-12-19T19:12:11.534048+00:00= Process matrix file...
[INFO] 2016-12-19T19:12:11.619999+00:00= Matrix Processed. 32 nodes and 310 edges loaded.
[INFO] 2016-12-19T19:12:11.619999+00:00= Visualize with networkx...
[INFO] 2016-12-19T19:12:11.757568+00:00= Visualization ready.
[INFO] 2016-12-19T19:12:11.758053+00:00= visualization ended at 2016-12-19T19:12:11.758053+00:00 (0s)
[INFO] 2016-12-19T19:12:42.319105+00:00= visualization started at 2016-12-19T19:12:42.319105+00:00
[INFO] 2016-12-19T19:12:42.321606+00:00= Loading matrix file...
[INFO] 2016-12-19T19:12:42.323608+00:00= Matrix loaded. Contains 1024 entries.
[INFO] 2016-12-19T19:12:42.324108+00:00= Loading sparse edges...
[INFO] 2016-12-19T19:12:42.324607+00:00= Sparse edges loaded. Contains 116 edges
[INFO] 2016-12-19T19:12:42.324607+00:00= Loading label file...
[INFO] 2016-12-19T19:12:42.325108+00:00= Labels loaded.
[INFO] 2016-12-19T19:12:42.325108+00:00= Process matrix file...
[INFO] 2016-12-19T19:12:42.423449+00:00= Matrix Processed. 32 nodes and 310 edges loaded.
[INFO] 2016-12-19T19:12:42.423950+00:00= Visualize with networkx...
[INFO] 2016-12-19T19:12:42.558541+00:00= Visualization ready.
[INFO] 2016-12-19T19:12:42.559041+00:00= visualization ended at 2016-12-19T19:12:42.559041+00:00 (0s)
[INFO] 2016-12-19T19:13:31.682128+00:00= visualization started at 2016-12-19T19:13:31.682128+00:00
[INFO] 2016-12-19T19:13:31.684129+00:00= Loading matrix file...
[INFO] 2016-12-19T19:13:31.686131+00:00= Matrix loaded. Contains 1024 entries.
[INFO] 2016-12-19T19:13:31.686631+00:00= Loading sparse edges...
[INFO] 2016-12-19T19:13:31.687131+00:00= Sparse edges loaded. Contains 116 edges
[INFO] 2016-12-19T19:13:31.687131+00:00= Loading label file...
[INFO] 2016-12-19T19:13:31.687632+00:00= Labels loaded.
[INFO] 2016-12-19T19:13:31.687632+00:00= Process matrix file...
[INFO] 2016-12-19T19:13:31.782470+00:00= Matrix Processed. 32 nodes and 310 edges loaded.
[INFO] 2016-12-19T19:13:31.782470+00:00= Visualize with networkx...
[INFO] 2016-12-19T19:13:31.931226+00:00= Visualization ready.
[INFO] 2016-12-19T19:13:31.931726+00:00= visualization ended at 2016-12-19T19:13:31.931726+00:00 (0s)
[INFO] 2016-12-19T19:15:25.149801+00:00= visualization started at 2016-12-19T19:15:25.149300+00:00
[INFO] 2016-12-19T19:15:25.151302+00:00= Loading matrix file...
[INFO] 2016-12-19T19:15:25.153304+00:00= Matrix loaded. Contains 1024 entries.
[INFO] 2016-12-19T19:15:25.153799+00:00= Loading sparse edges...
[INFO] 2016-12-19T19:15:25.154302+00:00= Sparse edges loaded. Contains 116 edges
[INFO] 2016-12-19T19:15:25.154302+00:00= Loading label file...
[INFO] 2016-12-19T19:15:25.154801+00:00= Labels loaded.
[INFO] 2016-12-19T19:15:25.154801+00:00= Process matrix file...
[INFO] 2016-12-19T19:15:25.245322+00:00= Matrix Processed. 32 nodes and 310 edges loaded.
[INFO] 2016-12-19T19:15:25.245726+00:00= Visualize with networkx...
[INFO] 2016-12-19T19:15:31.143385+00:00= Visualization ready.
[INFO] 2016-12-19T19:15:31.145387+00:00= visualization ended at 2016-12-19T19:15:31.145387+00:00 (6s)
[INFO] 2016-12-19T19:21:55.810226+00:00= visualization started at 2016-12-19T19:21:55.810226+00:00
[INFO] 2016-12-19T19:21:55.811726+00:00= Loading matrix file...
[INFO] 2016-12-19T19:21:55.813728+00:00= Matrix loaded. Contains 1024 entries.
[INFO] 2016-12-19T19:21:55.814165+00:00= Loading sparse edges...
[INFO] 2016-12-19T19:21:55.814165+00:00= Sparse edges loaded. Contains 116 edges
[INFO] 2016-12-19T19:21:55.814667+00:00= Loading label file...
[INFO] 2016-12-19T19:21:55.815168+00:00= Labels loaded.
[INFO] 2016-12-19T19:21:55.815168+00:00= Process matrix file...
[INFO] 2016-12-19T19:21:55.929486+00:00= Matrix Processed. 32 nodes and 310 edges loaded.
[INFO] 2016-12-19T19:21:55.929988+00:00= Visualize with networkx...
[INFO] 2016-12-19T19:23:07.820557+00:00= Visualization ready.
[INFO] 2016-12-19T19:23:07.822059+00:00= visualization ended at 2016-12-19T19:23:07.822059+00:00 (72s)
[INFO] 2016-12-19T19:27:36.560910+00:00= visualization started at 2016-12-19T19:27:36.560910+00:00
[INFO] 2016-12-19T19:27:36.562412+00:00= Loading matrix file...
[INFO] 2016-12-19T19:27:36.564413+00:00= Matrix loaded. Contains 1024 entries.
[INFO] 2016-12-19T19:27:36.564913+00:00= Loading sparse edges...
[INFO] 2016-12-19T19:27:36.565414+00:00= Sparse edges loaded. Contains 116 edges
[INFO] 2016-12-19T19:27:36.565414+00:00= Loading label file...
[INFO] 2016-12-19T19:27:36.565914+00:00= Labels loaded.
[INFO] 2016-12-19T19:27:36.565914+00:00= Process matrix file...
[INFO] 2016-12-19T19:27:36.657007+00:00= Matrix Processed. 32 nodes and 310 edges loaded.
[INFO] 2016-12-19T19:27:36.657508+00:00= Visualize with networkx...
[INFO] 2016-12-19T19:28:37.554903+00:00= visualization started at 2016-12-19T19:28:37.554903+00:00
[INFO] 2016-12-19T19:28:37.556336+00:00= Loading matrix file...
[INFO] 2016-12-19T19:28:37.558339+00:00= Matrix loaded. Contains 1024 entries.
[INFO] 2016-12-19T19:28:37.558840+00:00= Loading sparse edges...
[INFO] 2016-12-19T19:28:37.558840+00:00= Sparse edges loaded. Contains 116 edges
[INFO] 2016-12-19T19:28:37.559340+00:00= Loading label file...
[INFO] 2016-12-19T19:28:37.560028+00:00= Labels loaded.
[INFO] 2016-12-19T19:28:37.560028+00:00= Process matrix file...
[INFO] 2016-12-19T19:28:37.654656+00:00= Matrix Processed. 32 nodes and 310 edges loaded.
[INFO] 2016-12-19T19:28:37.655157+00:00= Visualize with networkx...
[INFO] 2016-12-19T19:29:37.134639+00:00= visualization started at 2016-12-19T19:29:37.134639+00:00
[INFO] 2016-12-19T19:29:37.136641+00:00= Loading matrix file...
[INFO] 2016-12-19T19:29:37.138643+00:00= Matrix loaded. Contains 1024 entries.
[INFO] 2016-12-19T19:29:37.139142+00:00= Loading sparse edges...
[INFO] 2016-12-19T19:29:37.139142+00:00= Sparse edges loaded. Contains 116 edges
[INFO] 2016-12-19T19:29:37.139644+00:00= Loading label file...
[INFO] 2016-12-19T19:29:37.140144+00:00= Labels loaded.
[INFO] 2016-12-19T19:29:37.140144+00:00= Process matrix file...
[INFO] 2016-12-19T19:29:37.247889+00:00= Matrix Processed. 32 nodes and 310 edges loaded.
[INFO] 2016-12-19T19:29:37.248389+00:00= Visualize with networkx...
[INFO] 2016-12-19T19:29:49.705348+00:00= visualization started at 2016-12-19T19:29:49.705348+00:00
[INFO] 2016-12-19T19:29:49.706850+00:00= Loading matrix file...
[INFO] 2016-12-19T19:29:49.708851+00:00= Matrix loaded. Contains 1024 entries.
[INFO] 2016-12-19T19:29:49.709350+00:00= Loading sparse edges...
[INFO] 2016-12-19T19:29:49.709852+00:00= Sparse edges loaded. Contains 116 edges
[INFO] 2016-12-19T19:29:49.709852+00:00= Loading label file...
[INFO] 2016-12-19T19:29:49.710351+00:00= Labels loaded.
[INFO] 2016-12-19T19:29:49.710851+00:00= Process matrix file...
[INFO] 2016-12-19T19:29:49.794908+00:00= Matrix Processed. 32 nodes and 310 edges loaded.
[INFO] 2016-12-19T19:29:49.795409+00:00= Visualize with networkx...
[INFO] 2016-12-19T19:29:50.045495+00:00= Visualization ready.
[INFO] 2016-12-19T19:29:50.045994+00:00= visualization ended at 2016-12-19T19:29:50.045994+00:00 (1s)
[INFO] 2016-12-19T19:32:20.967119+00:00= visualization started at 2016-12-19T19:32:20.967119+00:00
[INFO] 2016-12-19T19:32:20.968620+00:00= Loading matrix file...
[INFO] 2016-12-19T19:32:20.970678+00:00= Matrix loaded. Contains 1024 entries.
[INFO] 2016-12-19T19:32:20.971178+00:00= Loading sparse edges...
[INFO] 2016-12-19T19:32:20.971679+00:00= Sparse edges loaded. Contains 116 edges
[INFO] 2016-12-19T19:32:20.971679+00:00= Loading label file...
[INFO] 2016-12-19T19:32:20.972305+00:00= Labels loaded.
[INFO] 2016-12-19T19:32:20.972712+00:00= Process matrix file...
[INFO] 2016-12-19T19:32:21.058904+00:00= Matrix Processed. 32 nodes and 310 edges loaded.
[INFO] 2016-12-19T19:32:21.059404+00:00= Visualize with networkx...
[INFO] 2016-12-19T19:32:33.787496+00:00= visualization started at 2016-12-19T19:32:33.787496+00:00
[INFO] 2016-12-19T19:32:33.789144+00:00= Loading matrix file...
[INFO] 2016-12-19T19:32:33.791145+00:00= Matrix loaded. Contains 1024 entries.
[INFO] 2016-12-19T19:32:33.791646+00:00= Loading sparse edges...
[INFO] 2016-12-19T19:32:33.792148+00:00= Sparse edges loaded. Contains 116 edges
[INFO] 2016-12-19T19:32:33.792148+00:00= Loading label file...
[INFO] 2016-12-19T19:32:33.792647+00:00= Labels loaded.
[INFO] 2016-12-19T19:32:33.793148+00:00= Process matrix file...
[INFO] 2016-12-19T19:32:33.877093+00:00= Matrix Processed. 32 nodes and 310 edges loaded.
[INFO] 2016-12-19T19:32:33.877594+00:00= Visualize with networkx...
[INFO] 2016-12-19T19:32:34.077229+00:00= Visualization ready.
[INFO] 2016-12-19T19:32:34.077729+00:00= visualization ended at 2016-12-19T19:32:34.077729+00:00 (1s)
[INFO] 2016-12-19T19:34:28.282872+00:00= visualization started at 2016-12-19T19:34:28.282872+00:00
[INFO] 2016-12-19T19:34:28.284374+00:00= Loading matrix file...
[INFO] 2016-12-19T19:34:28.286376+00:00= Matrix loaded. Contains 1024 entries.
[INFO] 2016-12-19T19:34:28.287007+00:00= Loading sparse edges...
[INFO] 2016-12-19T19:34:28.287007+00:00= Sparse edges loaded. Contains 116 edges
[INFO] 2016-12-19T19:34:28.287661+00:00= Loading label file...
[INFO] 2016-12-19T19:34:28.288019+00:00= Labels loaded.
[INFO] 2016-12-19T19:34:28.288342+00:00= Process matrix file...
[INFO] 2016-12-19T19:34:28.377372+00:00= Matrix Processed. 32 nodes and 310 edges loaded.
[INFO] 2016-12-19T19:34:28.377872+00:00= Visualize with networkx...
[INFO] 2016-12-19T19:34:41.020877+00:00= Visualization ready.
[INFO] 2016-12-19T19:34:41.022878+00:00= visualization ended at 2016-12-19T19:34:41.022878+00:00 (13s)
[INFO] 2016-12-19T19:35:39.022268+00:00= visualization started at 2016-12-19T19:35:39.022268+00:00
[INFO] 2016-12-19T19:35:39.023767+00:00= Loading matrix file...
[INFO] 2016-12-19T19:35:39.025770+00:00= Matrix loaded. Contains 1024 entries.
[INFO] 2016-12-19T19:35:39.026271+00:00= Loading sparse edges...
[INFO] 2016-12-19T19:35:39.026271+00:00= Sparse edges loaded. Contains 116 edges
[INFO] 2016-12-19T19:35:39.026771+00:00= Loading label file...
[INFO] 2016-12-19T19:35:39.027270+00:00= Labels loaded.
[INFO] 2016-12-19T19:35:39.027270+00:00= Process matrix file...
[INFO] 2016-12-19T19:35:39.113004+00:00= Matrix Processed. 32 nodes and 310 edges loaded.
[INFO] 2016-12-19T19:35:39.113505+00:00= Visualize with networkx...
[INFO] 2016-12-19T19:35:42.423076+00:00= Visualization ready.
[INFO] 2016-12-19T19:35:42.425077+00:00= visualization ended at 2016-12-19T19:35:42.425077+00:00 (3s)
[INFO] 2016-12-19T19:36:27.335522+00:00= visualization started at 2016-12-19T19:36:27.335522+00:00
[INFO] 2016-12-19T19:36:27.337023+00:00= Loading matrix file...
[INFO] 2016-12-19T19:36:27.339024+00:00= Matrix loaded. Contains 1024 entries.
[INFO] 2016-12-19T19:36:27.339525+00:00= Loading sparse edges...
[INFO] 2016-12-19T19:36:27.340025+00:00= Sparse edges loaded. Contains 116 edges
[INFO] 2016-12-19T19:36:27.340317+00:00= Loading label file...
[INFO] 2016-12-19T19:36:27.340562+00:00= Labels loaded.
[INFO] 2016-12-19T19:36:27.341014+00:00= Process matrix file...
[INFO] 2016-12-19T19:36:27.422688+00:00= Matrix Processed. 32 nodes and 310 edges loaded.
[INFO] 2016-12-19T19:36:27.423188+00:00= Visualize with networkx...
[INFO] 2016-12-19T19:36:32.124582+00:00= Visualization ready.
[INFO] 2016-12-19T19:36:32.128085+00:00= visualization ended at 2016-12-19T19:36:32.128085+00:00 (5s)
[INFO] 2016-12-19T19:39:03.617717+00:00= visualization started at 2016-12-19T19:39:03.617717+00:00
[INFO] 2016-12-19T19:39:03.638608+00:00= Loading matrix file...
[INFO] 2016-12-19T19:39:03.640610+00:00= Matrix loaded. Contains 1024 entries.
[INFO] 2016-12-19T19:39:03.641110+00:00= Loading sparse edges...
[INFO] 2016-12-19T19:39:03.641610+00:00= Sparse edges loaded. Contains 116 edges
[INFO] 2016-12-19T19:39:03.642110+00:00= Loading label file...
[INFO] 2016-12-19T19:39:03.642110+00:00= Labels loaded.
[INFO] 2016-12-19T19:39:03.642611+00:00= Process matrix file...
[INFO] 2016-12-19T19:39:03.727069+00:00= Matrix Processed. 32 nodes and 310 edges loaded.
[INFO] 2016-12-19T19:39:03.727569+00:00= Visualize with networkx...
[INFO] 2016-12-19T19:39:14.650546+00:00= visualization started at 2016-12-19T19:39:14.650546+00:00
[INFO] 2016-12-19T19:39:14.652544+00:00= Loading matrix file...
[INFO] 2016-12-19T19:39:14.654044+00:00= Matrix loaded. Contains 1024 entries.
[INFO] 2016-12-19T19:39:14.654544+00:00= Loading sparse edges...
[INFO] 2016-12-19T19:39:14.655043+00:00= Sparse edges loaded. Contains 116 edges
[INFO] 2016-12-19T19:39:14.655043+00:00= Loading label file...
[INFO] 2016-12-19T19:39:14.655544+00:00= Labels loaded.
[INFO] 2016-12-19T19:39:14.655544+00:00= Process matrix file...
[INFO] 2016-12-19T19:39:14.742290+00:00= Matrix Processed. 32 nodes and 310 edges loaded.
[INFO] 2016-12-19T19:39:14.742290+00:00= Visualize with networkx...
[INFO] 2016-12-19T19:39:28.794419+00:00= visualization started at 2016-12-19T19:39:28.794419+00:00
[INFO] 2016-12-19T19:39:28.820278+00:00= Loading matrix file...
[INFO] 2016-12-19T19:39:28.822282+00:00= Matrix loaded. Contains 1024 entries.
[INFO] 2016-12-19T19:39:28.822782+00:00= Loading sparse edges...
[INFO] 2016-12-19T19:39:28.823284+00:00= Sparse edges loaded. Contains 116 edges
[INFO] 2016-12-19T19:39:28.823284+00:00= Loading label file...
[INFO] 2016-12-19T19:39:28.823825+00:00= Labels loaded.
[INFO] 2016-12-19T19:39:28.823825+00:00= Process matrix file...
[INFO] 2016-12-19T19:39:28.910475+00:00= Matrix Processed. 32 nodes and 310 edges loaded.
[INFO] 2016-12-19T19:39:28.910976+00:00= Visualize with networkx...
[INFO] 2016-12-19T19:40:12.133963+00:00= visualization started at 2016-12-19T19:40:12.133963+00:00
[INFO] 2016-12-19T19:40:12.135964+00:00= Loading matrix file...
[INFO] 2016-12-19T19:40:12.138465+00:00= Matrix loaded. Contains 1024 entries.
[INFO] 2016-12-19T19:40:12.138965+00:00= Loading sparse edges...
[INFO] 2016-12-19T19:40:12.139467+00:00= Sparse edges loaded. Contains 116 edges
[INFO] 2016-12-19T19:40:12.139467+00:00= Loading label file...
[INFO] 2016-12-19T19:40:12.139966+00:00= Labels loaded.
[INFO] 2016-12-19T19:40:12.139966+00:00= Process matrix file...
[INFO] 2016-12-19T19:40:12.234390+00:00= Matrix Processed. 32 nodes and 310 edges loaded.
[INFO] 2016-12-19T19:40:12.234890+00:00= Visualize with networkx...
[INFO] 2016-12-19T19:40:56.446180+00:00= visualization started at 2016-12-19T19:40:56.446180+00:00
[INFO] 2016-12-19T19:40:56.448181+00:00= Loading matrix file...
[INFO] 2016-12-19T19:40:56.450045+00:00= Matrix loaded. Contains 1024 entries.
[INFO] 2016-12-19T19:40:56.450546+00:00= Loading sparse edges...
[INFO] 2016-12-19T19:40:56.450914+00:00= Sparse edges loaded. Contains 116 edges
[INFO] 2016-12-19T19:40:56.450914+00:00= Loading label file...
[INFO] 2016-12-19T19:40:56.451634+00:00= Labels loaded.
[INFO] 2016-12-19T19:40:56.451634+00:00= Process matrix file...
[INFO] 2016-12-19T19:40:56.534030+00:00= Matrix Processed. 32 nodes and 310 edges loaded.
[INFO] 2016-12-19T19:40:56.534530+00:00= Visualize with networkx...
[INFO] 2016-12-19T19:41:30.633854+00:00= visualization started at 2016-12-19T19:41:30.633854+00:00
[INFO] 2016-12-19T19:41:30.635355+00:00= Loading matrix file...
[INFO] 2016-12-19T19:41:30.637356+00:00= Matrix loaded. Contains 1024 entries.
[INFO] 2016-12-19T19:41:30.637856+00:00= Loading sparse edges...
[INFO] 2016-12-19T19:41:30.638357+00:00= Sparse edges loaded. Contains 116 edges
[INFO] 2016-12-19T19:41:30.638357+00:00= Loading label file...
[INFO] 2016-12-19T19:41:30.638858+00:00= Labels loaded.
[INFO] 2016-12-19T19:41:30.638858+00:00= Process matrix file...
[INFO] 2016-12-19T19:41:30.694395+00:00= Matrix Processed. 32 nodes and 310 edges loaded.
[INFO] 2016-12-19T19:41:30.694895+00:00= Visualize with networkx...
[INFO] 2016-12-19T19:42:10.657415+00:00= visualization started at 2016-12-19T19:42:10.657415+00:00
[INFO] 2016-12-19T19:42:10.658917+00:00= Loading matrix file...
[INFO] 2016-12-19T19:42:10.661419+00:00= Matrix loaded. Contains 1024 entries.
[INFO] 2016-12-19T19:42:10.661918+00:00= Loading sparse edges...
[INFO] 2016-12-19T19:42:10.661918+00:00= Sparse edges loaded. Contains 116 edges
[INFO] 2016-12-19T19:42:10.662418+00:00= Loading label file...
[INFO] 2016-12-19T19:42:10.662919+00:00= Labels loaded.
[INFO] 2016-12-19T19:42:10.662919+00:00= Process matrix file...
[INFO] 2016-12-19T19:42:10.750112+00:00= Matrix Processed. 32 nodes and 310 edges loaded.
[INFO] 2016-12-19T19:42:10.750612+00:00= Visualize with networkx...
[INFO] 2016-12-19T19:42:22.837913+00:00= Visualization ready.
[INFO] 2016-12-19T19:42:22.840414+00:00= visualization ended at 2016-12-19T19:42:22.840414+00:00 (12s)
[INFO] 2016-12-19T19:42:58.610104+00:00= visualization started at 2016-12-19T19:42:58.610104+00:00
[INFO] 2016-12-19T19:42:58.612105+00:00= Loading matrix file...
[INFO] 2016-12-19T19:42:58.614107+00:00= Matrix loaded. Contains 1024 entries.
[INFO] 2016-12-19T19:42:58.614607+00:00= Loading sparse edges...
[INFO] 2016-12-19T19:42:58.615108+00:00= Sparse edges loaded. Contains 116 edges
[INFO] 2016-12-19T19:42:58.615608+00:00= Loading label file...
[INFO] 2016-12-19T19:42:58.615608+00:00= Labels loaded.
[INFO] 2016-12-19T19:42:58.616109+00:00= Process matrix file...
[INFO] 2016-12-19T19:42:58.707394+00:00= Matrix Processed. 32 nodes and 310 edges loaded.
[INFO] 2016-12-19T19:42:58.707895+00:00= Visualize with networkx...
[INFO] 2016-12-19T19:43:07.264429+00:00= Visualization ready.
[INFO] 2016-12-19T19:43:07.266983+00:00= visualization ended at 2016-12-19T19:43:07.266983+00:00 (9s)
[INFO] 2016-12-19T19:43:38.005573+00:00= visualization started at 2016-12-19T19:43:38.005573+00:00
[INFO] 2016-12-19T19:43:38.007574+00:00= Loading matrix file...
[INFO] 2016-12-19T19:43:38.010075+00:00= Matrix loaded. Contains 1024 entries.
[INFO] 2016-12-19T19:43:38.010075+00:00= Loading sparse edges...
[INFO] 2016-12-19T19:43:38.010576+00:00= Sparse edges loaded. Contains 116 edges
[INFO] 2016-12-19T19:43:38.011076+00:00= Loading label file...
[INFO] 2016-12-19T19:43:38.011576+00:00= Labels loaded.
[INFO] 2016-12-19T19:43:38.011576+00:00= Process matrix file...
[INFO] 2016-12-19T19:43:38.108652+00:00= Matrix Processed. 32 nodes and 310 edges loaded.
[INFO] 2016-12-19T19:43:38.109152+00:00= Visualize with networkx...
[INFO] 2016-12-19T19:45:11.044372+00:00= visualization started at 2016-12-19T19:45:11.043872+00:00
[INFO] 2016-12-19T19:45:11.046513+00:00= Loading matrix file...
[INFO] 2016-12-19T19:45:11.048518+00:00= Matrix loaded. Contains 1024 entries.
[INFO] 2016-12-19T19:45:11.049018+00:00= Loading sparse edges...
[INFO] 2016-12-19T19:45:11.049518+00:00= Sparse edges loaded. Contains 116 edges
[INFO] 2016-12-19T19:45:11.049937+00:00= Loading label file...
[INFO] 2016-12-19T19:45:11.050112+00:00= Labels loaded.
[INFO] 2016-12-19T19:45:11.050644+00:00= Process matrix file...
[INFO] 2016-12-19T19:45:11.133576+00:00= Matrix Processed. 32 nodes and 310 edges loaded.
[INFO] 2016-12-19T19:45:11.134075+00:00= Visualize with networkx...
[INFO] 2016-12-19T19:45:20.839220+00:00= visualization started at 2016-12-19T19:45:20.839220+00:00
[INFO] 2016-12-19T19:45:20.840721+00:00= Loading matrix file...
[INFO] 2016-12-19T19:45:20.842811+00:00= Matrix loaded. Contains 1024 entries.
[INFO] 2016-12-19T19:45:20.843311+00:00= Loading sparse edges...
[INFO] 2016-12-19T19:45:20.843813+00:00= Sparse edges loaded. Contains 116 edges
[INFO] 2016-12-19T19:45:20.843813+00:00= Loading label file...
[INFO] 2016-12-19T19:45:20.844312+00:00= Labels loaded.
[INFO] 2016-12-19T19:45:20.844312+00:00= Process matrix file...
[INFO] 2016-12-19T19:45:20.935096+00:00= Matrix Processed. 32 nodes and 310 edges loaded.
[INFO] 2016-12-19T19:45:20.935596+00:00= Visualize with networkx...
[INFO] 2016-12-19T19:45:58.058973+00:00= Visualization ready.
[INFO] 2016-12-19T19:45:58.062976+00:00= visualization ended at 2016-12-19T19:45:58.062976+00:00 (38s)
[INFO] 2016-12-19T19:55:09.773396+00:00= visualization started at 2016-12-19T19:55:09.773396+00:00
[INFO] 2016-12-19T19:55:09.775899+00:00= Loading matrix file...
[INFO] 2016-12-19T19:55:09.778400+00:00= Matrix loaded. Contains 1024 entries.
[INFO] 2016-12-19T19:55:09.779181+00:00= Loading sparse edges...
[INFO] 2016-12-19T19:55:09.779181+00:00= Sparse edges loaded. Contains 116 edges
[INFO] 2016-12-19T19:55:09.779684+00:00= Loading label file...
[INFO] 2016-12-19T19:55:09.780184+00:00= Labels loaded.
[INFO] 2016-12-19T19:55:09.780184+00:00= Process matrix file...
[INFO] 2016-12-19T19:55:09.875341+00:00= Matrix Processed. 32 nodes and 310 edges loaded.
[INFO] 2016-12-19T19:55:09.875843+00:00= Visualize with networkx...
[INFO] 2016-12-19T19:56:32.742883+00:00= visualization started at 2016-12-19T19:56:32.742883+00:00
[INFO] 2016-12-19T19:56:32.744883+00:00= Loading matrix file...
[INFO] 2016-12-19T19:56:32.746884+00:00= Matrix loaded. Contains 1024 entries.
[INFO] 2016-12-19T19:56:32.747385+00:00= Loading sparse edges...
[INFO] 2016-12-19T19:56:32.747385+00:00= Sparse edges loaded. Contains 116 edges
[INFO] 2016-12-19T19:56:32.748135+00:00= Loading label file...
[INFO] 2016-12-19T19:56:32.748639+00:00= Labels loaded.
[INFO] 2016-12-19T19:56:32.748639+00:00= Process matrix file...
[INFO] 2016-12-19T19:56:32.839063+00:00= Matrix Processed. 32 nodes and 310 edges loaded.
[INFO] 2016-12-19T19:56:32.839563+00:00= Visualize with networkx...
[INFO] 2016-12-19T19:56:55.327748+00:00= Visualization ready.
[INFO] 2016-12-19T19:56:55.330251+00:00= visualization ended at 2016-12-19T19:56:55.330251+00:00 (23s)
[INFO] 2016-12-19T20:18:32.660830+00:00= visualization started at 2016-12-19T20:18:32.660830+00:00
[INFO] 2016-12-19T20:18:32.663400+00:00= Loading matrix file...
[INFO] 2016-12-19T20:18:32.665368+00:00= Matrix loaded. Contains 1024 entries.
[INFO] 2016-12-19T20:18:32.665868+00:00= Loading sparse edges...
[INFO] 2016-12-19T20:18:32.666293+00:00= Sparse edges loaded. Contains 116 edges
[INFO] 2016-12-19T20:18:32.666619+00:00= Loading label file...
[INFO] 2016-12-19T20:18:32.666904+00:00= Labels loaded.
[INFO] 2016-12-19T20:18:32.667470+00:00= Process matrix file...
[INFO] 2016-12-19T20:18:32.755749+00:00= Matrix Processed. 32 nodes and 310 edges loaded.
[INFO] 2016-12-19T20:18:32.756250+00:00= Visualize with networkx...
[INFO] 2016-12-19T20:18:48.118624+00:00= visualization started at 2016-12-19T20:18:48.118624+00:00
[INFO] 2016-12-19T20:18:48.120498+00:00= Loading matrix file...
[INFO] 2016-12-19T20:18:48.138627+00:00= Matrix loaded. Contains 1024 entries.
[INFO] 2016-12-19T20:18:48.139127+00:00= Loading sparse edges...
[INFO] 2016-12-19T20:18:48.139628+00:00= Sparse edges loaded. Contains 116 edges
[INFO] 2016-12-19T20:18:48.140091+00:00= Loading label file...
[INFO] 2016-12-19T20:18:48.140272+00:00= Labels loaded.
[INFO] 2016-12-19T20:18:48.140750+00:00= Process matrix file...
[INFO] 2016-12-19T20:18:48.223981+00:00= Matrix Processed. 32 nodes and 310 edges loaded.
[INFO] 2016-12-19T20:18:48.224481+00:00= Visualize with networkx...
[INFO] 2016-12-19T20:18:48.655862+00:00= Visualization ready.
[INFO] 2016-12-19T20:18:48.656363+00:00= visualization ended at 2016-12-19T20:18:48.656363+00:00 (0s)
[INFO] 2016-12-19T20:21:59.088985+00:00= visualization started at 2016-12-19T20:21:59.088985+00:00
[INFO] 2016-12-19T20:21:59.091486+00:00= Loading matrix file...
[INFO] 2016-12-19T20:21:59.093488+00:00= Matrix loaded. Contains 1024 entries.
[INFO] 2016-12-19T20:21:59.093988+00:00= Loading sparse edges...
[INFO] 2016-12-19T20:21:59.094489+00:00= Sparse edges loaded. Contains 116 edges
[INFO] 2016-12-19T20:21:59.094489+00:00= Loading label file...
[INFO] 2016-12-19T20:21:59.094989+00:00= Labels loaded.
[INFO] 2016-12-19T20:21:59.095489+00:00= Process matrix file...
[INFO] 2016-12-19T20:21:59.183813+00:00= Matrix Processed. 32 nodes and 310 edges loaded.
[INFO] 2016-12-19T20:21:59.184314+00:00= Visualize with networkx...
[INFO] 2016-12-19T20:21:59.589575+00:00= Visualization ready.
[INFO] 2016-12-19T20:21:59.590075+00:00= visualization ended at 2016-12-19T20:21:59.589575+00:00 (0s)
[INFO] 2016-12-19T20:23:56.588098+00:00= visualization started at 2016-12-19T20:23:56.588098+00:00
[INFO] 2016-12-19T20:23:56.590099+00:00= Loading matrix file...
[INFO] 2016-12-19T20:23:56.592101+00:00= Matrix loaded. Contains 1024 entries.
[INFO] 2016-12-19T20:23:56.592601+00:00= Loading sparse edges...
[INFO] 2016-12-19T20:23:56.593103+00:00= Sparse edges loaded. Contains 116 edges
[INFO] 2016-12-19T20:23:56.593103+00:00= Loading label file...
[INFO] 2016-12-19T20:23:56.593603+00:00= Labels loaded.
[INFO] 2016-12-19T20:23:56.594103+00:00= Process matrix file...
[INFO] 2016-12-19T20:23:56.678160+00:00= Matrix Processed. 32 nodes and 310 edges loaded.
[INFO] 2016-12-19T20:23:56.678660+00:00= Visualize with networkx...
[INFO] 2016-12-19T20:23:57.285569+00:00= Visualization ready.
[INFO] 2016-12-19T20:23:57.286070+00:00= visualization ended at 2016-12-19T20:23:57.286070+00:00 (1s)
[INFO] 2016-12-19T20:24:59.745143+00:00= visualization started at 2016-12-19T20:24:59.744641+00:00
[INFO] 2016-12-19T20:24:59.759863+00:00= Loading matrix file...
[INFO] 2016-12-19T20:24:59.803394+00:00= Matrix loaded. Contains 73441 entries.
[INFO] 2016-12-19T20:24:59.803894+00:00= Loading sparse edges...
[INFO] 2016-12-19T20:24:59.804895+00:00= Sparse edges loaded. Contains 111 edges
[INFO] 2016-12-19T20:24:59.804895+00:00= Loading label file...
[INFO] 2016-12-19T20:24:59.805395+00:00= Labels loaded.
[INFO] 2016-12-19T20:24:59.805896+00:00= Process matrix file...
[INFO] 2016-12-19T20:25:31.448118+00:00= Matrix Processed. 271 nodes and 647 edges loaded.
[INFO] 2016-12-19T20:25:31.450621+00:00= Visualize with networkx...
[INFO] 2016-12-19T20:31:01.220028+00:00= visualization started at 2016-12-19T20:31:01.220028+00:00
[INFO] 2016-12-19T20:31:01.222070+00:00= Loading matrix file...
[INFO] 2016-12-19T20:31:01.262599+00:00= Matrix loaded. Contains 73441 entries.
[INFO] 2016-12-19T20:31:01.263114+00:00= Loading sparse edges...
[INFO] 2016-12-19T20:31:01.263617+00:00= Sparse edges loaded. Contains 111 edges
[INFO] 2016-12-19T20:31:01.264105+00:00= Loading label file...
[INFO] 2016-12-19T20:31:01.264306+00:00= Labels loaded.
[INFO] 2016-12-19T20:31:01.264904+00:00= Process matrix file...
[INFO] 2016-12-19T20:31:32.182868+00:00= Matrix Processed. 271 nodes and 647 edges loaded.
[INFO] 2016-12-19T20:31:32.209929+00:00= Visualize with networkx...
[INFO] 2016-12-19T20:31:33.437201+00:00= Visualization ready.
[INFO] 2016-12-19T20:31:33.438701+00:00= visualization ended at 2016-12-19T20:31:33.438701+00:00 (32s)
